 --------------------+--------------------+----------+------+-------+------------
Volume               Snapshot             Size       Online Status  New Data
Name                 Name                 (MB)                      (MB)
--------------------+--------------------+----------+------+-------+------------
winsrv-01-vol-2 204959.daily.2018.05.08_170639 953674 Okay 953674
winsrv-01-vol-2 204959.daily.2018.05.08_170641 953674 Okay 953674
winsrv-01-vol-2 204959.daily.2018.05.08_170643 953674 Okay 953674
winsrv-01-vol-2 204959.daily.2018.05.08_170645 953674 Okay 953674
winsrv-01-vol-2 204959.daily.2018.05.08_170648 953674 Okay 953674
winsrv-01-vol-2 204959.daily.2018.05.08_170650 953674 Okay 953674
winsrv-01-vol-2 204959.daily.2018.05.08_170652 953674 Okay 953674
winsrv-01-vol-2 204959.daily.2018.05.08_170654 953674 Okay 953674
winsrv-01-vol-2 204959.daily.2018.05.08_170657 953674 Okay 953674
winsrv-01-vol-2 204959.daily.2018.05.08_170659 953674 Okay 953674
winsrv-01-vol-2 204959.daily.2018.05.08_170701 953674 Okay 953674
winsrv-01-vol-2 204959.daily.2018.05.08_170704 953674 Okay 953674
winsrv-01-vol-2 204959.daily.2018.05.08_170706 953674 Okay 953674
winsrv-01-vol-2 204959.daily.2018.05.08_170708 953674 Okay 953674
winsrv-01-vol-2 204959.daily.2018.05.08_170710 953674 Okay 953674
winsrv-01-vol-2 204959.daily.2018.05.08_170713 953674 Okay 953674
winsrv-01-vol-2 204959.daily.2018.05.08_170715 953674 Okay 953674
winsrv-01-vol-2 204959.daily.2018.05.08_170717 953674 Okay 953674
winsrv-01-vol-2 204959.daily.2018.05.08_170720 953674 Okay 953674
winsrv-01-vol-2 204959.daily.2018.05.08_170722 953674 Okay 953674
winsrv-01-vol-2 204959.daily.2018.05.08_170724 953674 Okay 953674
winsrv-01-vol-2 204959.daily.2018.05.08_170727 953674 Okay 953674
winsrv-01-vol-2 204959.daily.2018.05.08_170729 953674 Okay 953674
winsrv-01-vol-2 204959.daily.2018.05.08_170731 953674 Okay 953674
winsrv-01-vol-2 204959.daily.2018.05.08_170734 953674 Okay 953674
winsrv-01-vol-2 204959.daily.2018.05.08_170736 953674 Okay 953674
winsrv-01-vol-2 204959.daily.2018.05.08_170738 953674 Okay 953674
winsrv-01-vol-2 204959.daily.2018.05.08_170740 953674 Okay 953674
winsrv-01-vol-2 204959.daily.2018.05.08_170743 953674 Okay 953674
winsrv-01-vol-2 204959.daily.2018.05.08_170745 953674 Okay 953674
winsrv-01-vol-2 204959.daily.2018.05.08_170747 953674 Okay 953674
winsrv-01-vol-2 204959.daily.2018.05.08_170750 953674 Okay 953674
winsrv-01-vol-2 204959.daily.2018.05.08_170752 953674 Okay 953674
winsrv-01-vol-2 204959.daily.2018.05.08_170754 953674 Okay 953674
winsrv-01-vol-2 204959.daily.2018.05.08_170757 953674 Okay 953674
winsrv-01-vol-2 204959.daily.2018.05.08_170759 953674 Okay 953674
winsrv-01-vol-2 204959.daily.2018.05.08_170801 953674 Okay 953674
winsrv-01-vol-2 204959.daily.2018.05.08_170804 953674 Okay 953674
winsrv-01-vol-2 204959.daily.2018.05.08_170806 953674 Okay 953674
winsrv-01-vol-2 204959.daily.2018.05.08_170808 953674 Okay 953674
winsrv-01-vol-2 204959.daily.2018.05.08_170811 953674 Okay 953674
winsrv-01-vol-2 204959.daily.2018.05.08_170813 953674 Okay 953674
winsrv-01-vol-2 204959.daily.2018.05.08_170816 953674 Okay 953674
winsrv-01-vol-2 204959.daily.2018.05.08_170818 953674 Okay 953674
winsrv-01-vol-2 204959.daily.2018.05.08_170820 953674 Okay 953674
winsrv-01-vol-2 204959.daily.2018.05.08_170822 953674 Okay 953674
winsrv-01-vol-2 204959.daily.2018.05.08_170825 953674 Okay 953674
winsrv-01-vol-2 204959.daily.2018.05.08_170827 953674 Okay 953674
winsrv-01-vol-2 204959.daily.2018.05.08_170830 953674 Okay 953674
winsrv-01-vol-2 204959.daily.2018.05.08_170832 953674 Okay 953674
sales-demo-002-vol 208900.daily.2018.05.08_191753 15258789 Okay 15258789
sales-demo-002-vol 208900.daily.2018.05.08_191755 15258789 Okay 15258789
sales-demo-002-vol 208900.daily.2018.05.08_191758 15258789 Okay 15258789
sales-demo-002-vol 208900.daily.2018.05.08_191801 15258789 Okay 15258789
sales-demo-002-vol 208900.daily.2018.05.08_191804 15258789 Okay 15258789
sales-demo-002-vol 208900.daily.2018.05.08_191807 15258789 Okay 15258789
sales-demo-002-vol 208900.daily.2018.05.08_191810 15258789 Okay 15258789
sales-demo-002-vol 208900.daily.2018.05.08_191812 15258789 Okay 15258789
sales-demo-002-vol 208900.daily.2018.05.08_191815 15258789 Okay 15258789
sales-demo-002-vol 208900.daily.2018.05.08_191818 15258789 Okay 15258789
sales-demo-002-vol 208900.daily.2018.05.08_191820 15258789 Okay 15258789
sales-demo-002-vol 208900.daily.2018.05.08_191823 15258789 Okay 15258789
sales-demo-002-vol 208900.daily.2018.05.08_191826 15258789 Okay 15258789
sales-demo-002-vol 208900.daily.2018.05.08_191828 15258789 Okay 15258789
sales-demo-002-vol 208900.daily.2018.05.08_191831 15258789 Okay 15258789
sales-demo-002-vol 208900.daily.2018.05.08_191834 15258789 Okay 15258789
sales-demo-002-vol 208900.daily.2018.05.08_191837 15258789 Okay 15258789
sales-demo-002-vol 208900.daily.2018.05.08_191839 15258789 Okay 15258789
sales-demo-002-vol 208900.daily.2018.05.08_191842 15258789 Okay 15258789
sales-demo-002-vol 208900.daily.2018.05.08_191845 15258789 Okay 15258789
sales-demo-002-vol 208900.daily.2018.05.08_191847 15258789 Okay 15258789
sales-demo-002-vol 208900.daily.2018.05.08_191850 15258789 Okay 15258789
sales-demo-002-vol 208900.daily.2018.05.08_191853 15258789 Okay 15258789
sales-demo-002-vol 208900.daily.2018.05.08_191855 15258789 Okay 15258789
sales-demo-002-vol 208900.daily.2018.05.08_191858 15258789 Okay 15258789
sales-demo-002-vol 208900.daily.2018.05.08_191900 15258789 Okay 15258789
sales-demo-002-vol 208900.daily.2018.05.08_191903 15258789 Okay 15258789
sales-demo-002-vol 208900.daily.2018.05.08_191906 15258789 Okay 15258789
sales-demo-002-vol 208900.daily.2018.05.08_191909 15258789 Okay 15258789
sales-demo-002-vol 208900.daily.2018.05.08_191911 15258789 Okay 15258789
sales-demo-002-vol 208900.daily.2018.05.08_191914 15258789 Okay 15258789
sales-demo-002-vol 208900.daily.2018.05.08_191917 15258789 Okay 15258789
sales-demo-002-vol 208900.daily.2018.05.08_191919 15258789 Okay 15258789
sales-demo-002-vol 208900.daily.2018.05.08_191922 15258789 Okay 15258789
sales-demo-002-vol 208900.daily.2018.05.08_191924 15258789 Okay 15258789
sales-demo-002-vol 208900.daily.2018.05.08_191927 15258789 Okay 15258789
sales-demo-002-vol 208900.daily.2018.05.08_191930 15258789 Okay 15258789
sales-demo-002-vol 208900.daily.2018.05.08_191933 15258789 Okay 15258789
sales-demo-002-vol 208900.daily.2018.05.08_191935 15258789 Okay 15258789
sales-demo-002-vol 208900.daily.2018.05.08_191938 15258789 Okay 15258789
sales-demo-002-vol 208900.daily.2018.05.08_191941 15258789 Okay 15258789
sales-demo-002-vol 208900.daily.2018.05.08_191943 15258789 Okay 15258789
sales-demo-002-vol 208900.daily.2018.05.08_191946 15258789 Okay 15258789
sales-demo-002-vol 208900.daily.2018.05.08_191949 15258789 Okay 15258789
sales-demo-002-vol 208900.daily.2018.05.08_191951 15258789 Okay 15258789
sales-demo-002-vol 208900.daily.2018.05.08_191954 15258789 Okay 15258789
sales-demo-002-vol 208900.daily.2018.05.08_191957 15258789 Okay 15258789
sales-demo-002-vol 208900.daily.2018.05.08_191959 15258789 Okay 15258789
sales-demo-002-vol 208900.daily.2018.05.08_192002 15258789 Okay 15258789
sales-demo-002-vol 208900.daily.2018.05.08_192005 15258789 Okay 15258789
sales-demo-002-vol 208900.daily.2018.05.08_192007 15258789 Okay 15258789
sales-demo-002-vol 208900.daily.2018.05.08_192010 15258789 Okay 15258789
sales-demo-002-vol 208900.daily.2018.05.08_192013 15258789 Okay 15258789
sales-demo-002-vol 208900.daily.2018.05.08_192016 15258789 Okay 15258789
sales-demo-002-vol 208900.daily.2018.05.08_192018 15258789 Okay 15258789
sales-demo-002-vol 208900.daily.2018.05.08_192021 15258789 Okay 15258789
sales-demo-002-vol 208900.daily.2018.05.08_192024 15258789 Okay 15258789
sales-demo-002-vol 208900.daily.2018.05.08_192027 15258789 Okay 15258789
sales-demo-002-vol 208900.daily.2018.05.08_192029 15258789 Okay 15258789
sales-demo-002-vol 208900.daily.2018.05.08_192032 15258789 Okay 15258789
sales-demo-002-vol 208900.daily.2018.05.08_192035 15258789 Okay 15258789
sales-demo-002-vol 208900.daily.2018.05.08_192037 15258789 Okay 15258789
sales-demo-002-vol 208900.daily.2018.05.08_192040 15258789 Okay 15258789
sales-demo-002-vol 208900.daily.2018.05.08_192043 15258789 Okay 15258789
sales-demo-002-vol 208900.daily.2018.05.08_192046 15258789 Okay 15258789
sales-demo-002-vol 208900.daily.2018.05.08_192048 15258789 Okay 15258789
sales-demo-002-vol 208900.daily.2018.05.08_192051 15258789 Okay 15258789
sales-demo-002-vol 208900.daily.2018.05.08_192054 15258789 Okay 15258789
sales-demo-002-vol 208900.daily.2018.05.08_192056 15258789 Okay 15258789
sales-demo-002-vol 208900.daily.2018.05.08_192059 15258789 Okay 15258789
sales-demo-002-vol 208900.daily.2018.05.08_192102 15258789 Okay 15258789
sales-demo-002-vol 208900.daily.2018.05.08_192105 15258789 Okay 15258789
sales-demo-002-vol 208900.daily.2018.05.08_192109 15258789 Okay 15258789
sales-demo-002-vol 208900.daily.2018.05.08_192111 15258789 Okay 15258789
sales-demo-002-vol 208900.daily.2018.05.08_192114 15258789 Okay 15258789
sales-demo-002-vol 208900.daily.2018.05.08_192117 15258789 Okay 15258789
sales-demo-002-vol 208900.daily.2018.05.08_192119 15258789 Okay 15258789
sales-demo-002-vol 208900.daily.2018.05.08_192122 15258789 Okay 15258789
sales-demo-002-vol 208900.daily.2018.05.08_192125 15258789 Okay 15258789
sales-demo-002-vol 208900.daily.2018.05.08_192128 15258789 Okay 15258789
sales-demo-002-vol 208900.daily.2018.05.08_192130 15258789 Okay 15258789
sales-demo-002-vol 208900.daily.2018.05.08_192133 15258789 Okay 15258789
sales-demo-002-vol 208900.daily.2018.05.08_192136 15258789 Okay 15258789
sales-demo-002-vol 208900.daily.2018.05.08_192139 15258789 Okay 15258789
sales-demo-002-vol 208900.daily.2018.05.08_192142 15258789 Okay 15258789
sales-demo-002-vol 208900.daily.2018.05.08_192145 15258789 Okay 15258789
sales-demo-002-vol 208900.daily.2018.05.08_192147 15258789 Okay 15258789
sales-demo-002-vol 208900.daily.2018.05.08_192150 15258789 Okay 15258789
sales-demo-002-vol 208900.daily.2018.05.08_192153 15258789 Okay 15258789
sales-demo-002-vol 208900.daily.2018.05.08_192155 15258789 Okay 15258789
sales-demo-002-vol 208900.daily.2018.05.08_192158 15258789 Okay 15258789
sales-demo-002-vol 208900.daily.2018.05.08_192201 15258789 Okay 15258789
sales-demo-002-vol 208900.daily.2018.05.08_192204 15258789 Okay 15258789
sales-demo-002-vol 208900.daily.2018.05.08_192206 15258789 Okay 15258789
sales-demo-002-vol 208900.daily.2018.05.08_192209 15258789 Okay 15258789
sales-demo-002-vol 208900.daily.2018.05.08_192212 15258789 Okay 15258789
sales-demo-002-vol 208900.daily.2018.05.08_192215 15258789 Okay 15258789
sales-demo-002-vol 208900.daily.2018.05.08_192217 15258789 Okay 15258789
sales-demo-002-vol 208900.daily.2018.05.08_192220 15258789 Okay 15258789
sales-demo-002-vol 208900.daily.2018.05.08_192223 15258789 Okay 15258789
sales-demo-002-vol 208900.daily.2018.05.08_192225 15258789 Okay 15258789
sales-demo-002-vol 208900.daily.2018.05.08_192228 15258789 Okay 15258789
sales-demo-002-vol 208900.daily.2018.05.08_192231 15258789 Okay 15258789
sales-demo-002-vol 208900.daily.2018.05.08_192234 15258789 Okay 15258789
sales-demo-002-vol 208900.daily.2018.05.08_192237 15258789 Okay 15258789
sales-demo-002-vol 208900.daily.2018.05.08_192239 15258789 Okay 15258789
sales-demo-002-vol 208900.daily.2018.05.08_192242 15258789 Okay 15258789
sales-demo-002-vol 208900.daily.2018.05.08_192245 15258789 Okay 15258789
sales-demo-002-vol 208900.daily.2018.05.08_192248 15258789 Okay 15258789
sales-demo-002-vol 208900.daily.2018.05.08_192250 15258789 Okay 15258789
sales-demo-002-vol 208900.daily.2018.05.08_192253 15258789 Okay 15258789
sales-demo-002-vol 208900.daily.2018.05.08_192256 15258789 Okay 15258789
sales-demo-002-vol 208900.daily.2018.05.08_192259 15258789 Okay 15258789
sales-demo-002-vol 208900.daily.2018.05.08_192302 15258789 Okay 15258789
sales-demo-002-vol 208900.daily.2018.05.08_192304 15258789 Okay 15258789
sales-demo-002-vol 208900.daily.2018.05.08_192307 15258789 Okay 15258789
sales-demo-002-vol 208900.daily.2018.05.08_192310 15258789 Okay 15258789
sales-demo-002-vol 208900.daily.2018.05.08_192313 15258789 Okay 15258789
sales-demo-002-vol 208900.daily.2018.05.08_192315 15258789 Okay 15258789
sales-demo-002-vol 208900.daily.2018.05.08_192318 15258789 Okay 15258789
sales-demo-002-vol 208900.daily.2018.05.08_192321 15258789 Okay 15258789
sales-demo-002-vol 208900.daily.2018.05.08_192324 15258789 Okay 15258789
sales-demo-002-vol 208900.daily.2018.05.08_192327 15258789 Okay 15258789
sales-demo-002-vol 208900.daily.2018.05.08_192329 15258789 Okay 15258789
sales-demo-002-vol 208900.daily.2018.05.08_192332 15258789 Okay 15258789
sales-demo-002-vol 208900.daily.2018.05.08_192335 15258789 Okay 15258789
sales-demo-002-vol 208900.daily.2018.05.08_192338 15258789 Okay 15258789
sales-demo-002-vol 208900.daily.2018.05.08_192340 15258789 Okay 15258789
sales-demo-002-vol 208900.daily.2018.05.08_192343 15258789 Okay 15258789
sales-demo-002-vol 208900.daily.2018.05.08_192346 15258789 Okay 15258789
sales-demo-002-vol 208900.daily.2018.05.08_192349 15258789 Okay 15258789
sales-demo-002-vol 208900.daily.2018.05.08_192352 15258789 Okay 15258789
sales-demo-002-vol 208900.daily.2018.05.08_192354 15258789 Okay 15258789
sales-demo-002-vol 208900.daily.2018.05.08_192357 15258789 Okay 15258789
sales-demo-002-vol 208900.daily.2018.05.08_192400 15258789 Okay 15258789
sales-demo-002-vol 208900.daily.2018.05.08_192403 15258789 Okay 15258789
sales-demo-002-vol 208900.daily.2018.05.08_192406 15258789 Okay 15258789
sales-demo-002-vol 208900.daily.2018.05.08_192409 15258789 Okay 15258789
sales-demo-002-vol 208900.daily.2018.05.08_192412 15258789 Okay 15258789
sales-demo-002-vol 208900.daily.2018.05.08_192415 15258789 Okay 15258789
sales-demo-002-vol 208900.daily.2018.05.08_192417 15258789 Okay 15258789
sales-demo-002-vol 208900.daily.2018.05.08_192420 15258789 Okay 15258789
sales-demo-002-vol 208900.daily.2018.05.08_192423 15258789 Okay 15258789
sales-demo-002-vol 208900.daily.2018.05.08_192425 15258789 Okay 15258789
sales-demo-002-vol 208900.daily.2018.05.08_192428 15258789 Okay 15258789
sales-demo-002-vol 208900.daily.2018.05.08_192431 15258789 Okay 15258789
sales-demo-002-vol 208900.daily.2018.05.08_192434 15258789 Okay 15258789
sales-demo-002-vol 208900.daily.2018.05.08_192437 15258789 Okay 15258789
sales-demo-002-vol 208900.daily.2018.05.08_192440 15258789 Okay 15258789
sales-demo-002-vol 208900.daily.2018.05.08_192442 15258789 Okay 15258789
sales-demo-002-vol 208900.daily.2018.05.08_192445 15258789 Okay 15258789
sales-demo-002-vol 208900.daily.2018.05.08_192448 15258789 Okay 15258789
sales-demo-002-vol 208900.daily.2018.05.08_192451 15258789 Okay 15258789
sales-demo-002-vol 208900.daily.2018.05.08_192453 15258789 Okay 15258789
sales-demo-002-vol 208900.daily.2018.05.08_192456 15258789 Okay 15258789
sales-demo-002-vol 208900.daily.2018.05.08_192459 15258789 Okay 15258789
sales-demo-002-vol 208900.daily.2018.05.08_192502 15258789 Okay 15258789
sales-demo-002-vol 208900.daily.2018.05.08_192504 15258789 Okay 15258789
sales-demo-002-vol 208900.daily.2018.05.08_192507 15258789 Okay 15258789
sales-demo-002-vol 208900.daily.2018.05.08_192510 15258789 Okay 15258789
sales-demo-002-vol 208900.daily.2018.05.08_192513 15258789 Okay 15258789
sales-demo-002-vol 208900.daily.2018.05.08_192515 15258789 Okay 15258789
sales-demo-002-vol 208900.daily.2018.05.08_192518 15258789 Okay 15258789
sales-demo-002-vol 208900.daily.2018.05.08_192521 15258789 Okay 15258789
sales-demo-002-vol 208900.daily.2018.05.08_192524 15258789 Okay 15258789
sales-demo-002-vol 208900.daily.2018.05.08_192527 15258789 Okay 15258789
sales-demo-002-vol 208900.daily.2018.05.08_192530 15258789 Okay 15258789
sales-demo-002-vol 208900.daily.2018.05.08_192533 15258789 Okay 15258789
sales-demo-002-vol 208900.daily.2018.05.08_192535 15258789 Okay 15258789
sales-demo-002-vol 208900.daily.2018.05.08_192538 15258789 Okay 15258789
sales-demo-002-vol 208900.daily.2018.05.08_192541 15258789 Okay 15258789
sales-demo-002-vol 208900.daily.2018.05.08_192544 15258789 Okay 15258789
sales-demo-002-vol 208900.daily.2018.05.08_192546 15258789 Okay 15258789
sales-demo-002-vol 208900.daily.2018.05.08_192549 15258789 Okay 15258789
sales-demo-002-vol 208900.daily.2018.05.08_192552 15258789 Okay 15258789
sales-demo-002-vol 208900.daily.2018.05.08_192555 15258789 Okay 15258789
sales-demo-002-vol 208900.daily.2018.05.08_192558 15258789 Okay 15258789
sales-demo-002-vol 208900.daily.2018.05.08_192601 15258789 Okay 15258789
sales-demo-002-vol 208900.daily.2018.05.08_192603 15258789 Okay 15258789
sales-demo-002-vol 208900.daily.2018.05.08_192606 15258789 Okay 15258789
sales-demo-002-vol 208900.daily.2018.05.08_192609 15258789 Okay 15258789
sales-demo-002-vol 208900.daily.2018.05.08_192612 15258789 Okay 15258789
sales-demo-002-vol 208900.daily.2018.05.08_192615 15258789 Okay 15258789
sales-demo-002-vol 208900.daily.2018.05.08_192618 15258789 Okay 15258789
sales-demo-002-vol 208900.daily.2018.05.08_192620 15258789 Okay 15258789
sales-demo-002-vol 208900.daily.2018.05.08_192623 15258789 Okay 15258789
sales-demo-002-vol 208900.daily.2018.05.08_192626 15258789 Okay 15258789
sales-demo-002-vol 208900.daily.2018.05.08_192629 15258789 Okay 15258789
sales-demo-002-vol 208900.daily.2018.05.08_192632 15258789 Okay 15258789
sales-demo-002-vol 208900.daily.2018.05.08_192635 15258789 Okay 15258789
sales-demo-002-vol 208900.daily.2018.05.08_192638 15258789 Okay 15258789
sales-demo-002-vol 208900.daily.2018.05.08_192641 15258789 Okay 15258789
sales-demo-002-vol 208900.daily.2018.05.08_192644 15258789 Okay 15258789
sales-demo-002-vol 208900.daily.2018.05.08_192647 15258789 Okay 15258789
sales-demo-002-vol 208900.daily.2018.05.08_192650 15258789 Okay 15258789
sales-demo-002-vol 208900.daily.2018.05.08_192653 15258789 Okay 15258789
sales-demo-002-vol 208900.daily.2018.05.08_192656 15258789 Okay 15258789
sales-demo-002-vol 208900.daily.2018.05.08_192659 15258789 Okay 15258789
sales-demo-002-vol 208900.daily.2018.05.08_192702 15258789 Okay 15258789
sales-demo-002-vol 208900.daily.2018.05.08_192705 15258789 Okay 15258789
sales-demo-002-vol 208900.daily.2018.05.08_192709 15258789 Okay 15258789
sales-demo-002-vol 208900.daily.2018.05.08_192712 15258789 Okay 15258789
sales-demo-002-vol 208900.daily.2018.05.08_192715 15258789 Okay 15258789
sales-demo-002-vol 208900.daily.2018.05.08_192718 15258789 Okay 15258789
sales-demo-002-vol 208900.daily.2018.05.08_192721 15258789 Okay 15258789
sales-demo-002-vol 208900.daily.2018.05.08_192724 15258789 Okay 15258789
sales-demo-002-vol 208900.daily.2018.05.08_192727 15258789 Okay 15258789
sales-demo-002-vol 208900.daily.2018.05.08_192730 15258789 Okay 15258789
sales-demo-002-vol 208900.daily.2018.05.08_192732 15258789 Okay 15258789
sales-demo-002-vol 208900.daily.2018.05.08_192735 15258789 Okay 15258789
sales-demo-002-vol 208900.daily.2018.05.08_192738 15258789 Okay 15258789
sales-demo-002-vol 208900.daily.2018.05.08_192741 15258789 Okay 15258789
sales-demo-002-vol 208900.daily.2018.05.08_192744 15258789 Okay 15258789
sales-demo-002-vol 208900.daily.2018.05.08_192746 15258789 Okay 15258789
sales-demo-002-vol 208900.daily.2018.05.08_192749 15258789 Okay 15258789
sales-demo-002-vol 208900.daily.2018.05.08_192752 15258789 Okay 15258789
sales-demo-002-vol 208900.daily.2018.05.08_192755 15258789 Okay 15258789
sales-demo-002-vol 208900.daily.2018.05.08_192758 15258789 Okay 15258789
sales-demo-002-vol 208900.daily.2018.05.08_192801 15258789 Okay 15258789
sales-demo-002-vol 208900.daily.2018.05.08_192803 15258789 Okay 15258789
sales-demo-002-vol 208900.daily.2018.05.08_192806 15258789 Okay 15258789
sales-demo-002-vol 208900.daily.2018.05.08_192809 15258789 Okay 15258789
sales-demo-002-vol 208900.daily.2018.05.08_192812 15258789 Okay 15258789
sales-demo-002-vol 208900.daily.2018.05.08_192815 15258789 Okay 15258789
sales-demo-002-vol 208900.daily.2018.05.08_192817 15258789 Okay 15258789
sales-demo-002-vol 208900.daily.2018.05.08_192820 15258789 Okay 15258789
sales-demo-002-vol 208900.daily.2018.05.08_192823 15258789 Okay 15258789
sales-demo-002-vol 208900.daily.2018.05.08_192826 15258789 Okay 15258789
sales-demo-002-vol 208900.daily.2018.05.08_192829 15258789 Okay 15258789
sales-demo-002-vol 208900.daily.2018.05.08_192832 15258789 Okay 15258789
sales-demo-002-vol 208900.daily.2018.05.08_192834 15258789 Okay 15258789
sales-demo-002-vol 208900.daily.2018.05.08_192837 15258789 Okay 15258789
sales-demo-002-vol 208900.daily.2018.05.08_192840 15258789 Okay 15258789
sales-demo-002-vol 208900.daily.2018.05.08_192843 15258789 Okay 15258789
sales-demo-002-vol 208900.daily.2018.05.08_192846 15258789 Okay 15258789
sales-demo-002-vol 208900.daily.2018.05.08_192848 15258789 Okay 15258789
sales-demo-002-vol 208900.daily.2018.05.08_192851 15258789 Okay 15258789
sales-demo-002-vol 208900.daily.2018.05.08_192854 15258789 Okay 15258789
sales-demo-002-vol 208900.daily.2018.05.08_192857 15258789 Okay 15258789
sales-demo-002-vol 208900.daily.2018.05.08_192900 15258789 Okay 15258789
sales-demo-002-vol 208900.daily.2018.05.08_192903 15258789 Okay 15258789
sales-demo-002-vol 208900.daily.2018.05.08_192905 15258789 Okay 15258789
sales-demo-002-vol 208900.daily.2018.05.08_192908 15258789 Okay 15258789
sales-demo-002-vol 208900.daily.2018.05.08_192911 15258789 Okay 15258789
sales-demo-002-vol 208900.daily.2018.05.08_192914 15258789 Okay 15258789
sales-demo-002-vol 208900.daily.2018.05.08_192917 15258789 Okay 15258789
sales-demo-002-vol 208900.daily.2018.05.08_192919 15258789 Okay 15258789
sales-demo-002-vol 208900.daily.2018.05.08_192922 15258789 Okay 15258789
sales-demo-002-vol 208900.daily.2018.05.08_192925 15258789 Okay 15258789
sales-demo-002-vol 208900.daily.2018.05.08_192928 15258789 Okay 15258789
sales-demo-002-vol 208900.daily.2018.05.08_192931 15258789 Okay 15258789
sales-demo-002-vol 208900.daily.2018.05.08_192934 15258789 Okay 15258789
sales-demo-002-vol 208900.daily.2018.05.08_192937 15258789 Okay 15258789
sales-demo-002-vol 208900.daily.2018.05.08_192940 15258789 Okay 15258789
sales-demo-002-vol 208900.daily.2018.05.08_192943 15258789 Okay 15258789
sales-demo-002-vol 208900.daily.2018.05.08_192946 15258789 Okay 15258789
sales-demo-002-vol 208900.daily.2018.05.08_192949 15258789 Okay 15258789
sales-demo-002-vol 208900.daily.2018.05.08_192951 15258789 Okay 15258789
sales-demo-002-vol 208900.daily.2018.05.08_192954 15258789 Okay 15258789
sales-demo-002-vol 208900.daily.2018.05.08_192957 15258789 Okay 15258789
sales-demo-002-vol 208900.daily.2018.05.08_193000 15258789 Okay 15258789
sales-demo-002-vol 208900.daily.2018.05.08_193003 15258789 Okay 15258789
sales-demo-002-vol 208900.daily.2018.05.08_193006 15258789 Okay 15258789
sales-demo-002-vol 208900.daily.2018.05.08_193009 15258789 Okay 15258789
sales-demo-002-vol 208900.daily.2018.05.08_193012 15258789 Okay 15258789
sales-demo-002-vol 208900.daily.2018.05.08_193015 15258789 Okay 15258789
sales-demo-002-vol 208900.daily.2018.05.08_193018 15258789 Okay 15258789
sales-demo-002-vol 208900.daily.2018.05.08_193021 15258789 Okay 15258789
sales-demo-002-vol 208900.daily.2018.05.08_193023 15258789 Okay 15258789
sales-demo-002-vol 208900.daily.2018.05.08_193026 15258789 Okay 15258789
sales-demo-002-vol 208900.daily.2018.05.08_193029 15258789 Okay 15258789
sales-demo-002-vol 208900.daily.2018.05.08_193032 15258789 Okay 15258789
sales-demo-002-vol 208900.daily.2018.05.08_193035 15258789 Okay 15258789
sales-demo-002-vol 208900.daily.2018.05.08_193038 15258789 Okay 15258789
sales-demo-002-vol 208900.daily.2018.05.08_193041 15258789 Okay 15258789
sales-demo-002-vol 208900.daily.2018.05.08_193044 15258789 Okay 15258789
sales-demo-002-vol 208900.daily.2018.05.08_193047 15258789 Okay 15258789
sales-demo-002-vol 208900.daily.2018.05.08_193049 15258789 Okay 15258789
sales-demo-002-vol 208900.daily.2018.05.08_193052 15258789 Okay 15258789
sales-demo-002-vol 208900.daily.2018.05.08_193055 15258789 Okay 15258789
sales-demo-002-vol 208900.daily.2018.05.08_193058 15258789 Okay 15258789
sales-demo-002-vol 208900.daily.2018.05.08_193101 15258789 Okay 15258789
sales-demo-002-vol 208900.daily.2018.05.08_193104 15258789 Okay 15258789
sales-demo-002-vol 208900.daily.2018.05.08_193107 15258789 Okay 15258789
sales-demo-002-vol 208900.daily.2018.05.08_193110 15258789 Okay 15258789
sales-demo-002-vol 208900.daily.2018.05.08_193113 15258789 Okay 15258789
sales-demo-002-vol 208900.daily.2018.05.08_193116 15258789 Okay 15258789
sales-demo-002-vol 208900.daily.2018.05.08_193119 15258789 Okay 15258789
sales-demo-002-vol 208900.daily.2018.05.08_193122 15258789 Okay 15258789
sales-demo-002-vol 208900.daily.2018.05.08_193125 15258789 Okay 15258789
sales-demo-002-vol 208900.daily.2018.05.08_193127 15258789 Okay 15258789
sales-demo-002-vol 208900.daily.2018.05.08_193130 15258789 Okay 15258789
sales-demo-002-vol 208900.daily.2018.05.08_193133 15258789 Okay 15258789
sales-demo-002-vol 208900.daily.2018.05.08_193136 15258789 Okay 15258789
sales-demo-002-vol 208900.daily.2018.05.08_193139 15258789 Okay 15258789
sales-demo-002-vol 208900.daily.2018.05.08_193142 15258789 Okay 15258789
sales-demo-002-vol 208900.daily.2018.05.08_193145 15258789 Okay 15258789
sales-demo-002-vol 208900.daily.2018.05.08_193148 15258789 Okay 15258789
sales-demo-002-vol 208900.daily.2018.05.08_193151 15258789 Okay 15258789
sales-demo-002-vol 208900.daily.2018.05.08_193154 15258789 Okay 15258789
sales-demo-002-vol 208900.daily.2018.05.08_193157 15258789 Okay 15258789
sales-demo-002-vol 208900.daily.2018.05.08_193200 15258789 Okay 15258789
sales-demo-002-vol 208900.daily.2018.05.08_193203 15258789 Okay 15258789
sales-demo-002-vol 208900.daily.2018.05.08_193206 15258789 Okay 15258789
sales-demo-002-vol 208900.daily.2018.05.08_193209 15258789 Okay 15258789
sales-demo-002-vol 208900.daily.2018.05.08_193212 15258789 Okay 15258789
sales-demo-002-vol 208900.daily.2018.05.08_193215 15258789 Okay 15258789
sales-demo-002-vol 208900.daily.2018.05.08_193218 15258789 Okay 15258789
sales-demo-002-vol 208900.daily.2018.05.08_193220 15258789 Okay 15258789
sales-demo-002-vol 208900.daily.2018.05.08_193223 15258789 Okay 15258789
sales-demo-002-vol 208900.daily.2018.05.08_193226 15258789 Okay 15258789
sales-demo-002-vol 208900.daily.2018.05.08_193229 15258789 Okay 15258789
sales-demo-002-vol 208900.daily.2018.05.08_193232 15258789 Okay 15258789
sales-demo-002-vol 208900.daily.2018.05.08_193235 15258789 Okay 15258789
sales-demo-002-vol 208900.daily.2018.05.08_193238 15258789 Okay 15258789
sales-demo-002-vol 208900.daily.2018.05.08_193241 15258789 Okay 15258789
sales-demo-002-vol 208900.daily.2018.05.08_193244 15258789 Okay 15258789
sales-demo-002-vol 208900.daily.2018.05.08_193247 15258789 Okay 15258789
sales-demo-002-vol 208900.daily.2018.05.08_193250 15258789 Okay 15258789
sales-demo-002-vol 208900.daily.2018.05.08_193253 15258789 Okay 15258789
sales-demo-002-vol 208900.daily.2018.05.08_193256 15258789 Okay 15258789
sales-demo-002-vol 208900.daily.2018.05.08_193259 15258789 Okay 15258789
sales-demo-002-vol 208900.daily.2018.05.08_193302 15258789 Okay 15258789
sales-demo-002-vol 208900.daily.2018.05.08_193306 15258789 Okay 15258789
sales-demo-002-vol 208900.daily.2018.05.08_193309 15258789 Okay 15258789
sales-demo-002-vol 208900.daily.2018.05.08_193312 15258789 Okay 15258789
sales-demo-002-vol 208900.daily.2018.05.08_193315 15258789 Okay 15258789
sales-demo-002-vol 208900.daily.2018.05.08_193318 15258789 Okay 15258789
sales-demo-002-vol 208900.daily.2018.05.08_193321 15258789 Okay 15258789
sales-demo-002-vol 208900.daily.2018.05.08_193325 15258789 Okay 15258789
sales-demo-002-vol 208900.daily.2018.05.08_193327 15258789 Okay 15258789
sales-demo-002-vol 208900.daily.2018.05.08_193330 15258789 Okay 15258789
sales-demo-002-vol 208900.daily.2018.05.08_193333 15258789 Okay 15258789
sales-demo-002-vol 208900.daily.2018.05.08_193337 15258789 Okay 15258789
sales-demo-002-vol 208900.daily.2018.05.08_193340 15258789 Okay 15258789
sales-demo-002-vol 208900.daily.2018.05.08_193342 15258789 Okay 15258789
sales-demo-002-vol 208900.daily.2018.05.08_193345 15258789 Okay 15258789
sales-demo-002-vol 208900.daily.2018.05.08_193348 15258789 Okay 15258789
sales-demo-002-vol 208900.daily.2018.05.08_193352 15258789 Okay 15258789
sales-demo-002-vol 208900.daily.2018.05.08_193355 15258789 Okay 15258789
sales-demo-002-vol 208900.daily.2018.05.08_193358 15258789 Okay 15258789
sales-demo-002-vol 208900.daily.2018.05.08_193401 15258789 Okay 15258789
sales-demo-002-vol 208900.daily.2018.05.08_193404 15258789 Okay 15258789
sales-demo-002-vol 208900.daily.2018.05.08_193406 15258789 Okay 15258789
sales-demo-002-vol 208900.daily.2018.05.08_193409 15258789 Okay 15258789
sales-demo-002-vol 208900.daily.2018.05.08_193412 15258789 Okay 15258789
sales-demo-002-vol 208900.daily.2018.05.08_193415 15258789 Okay 15258789
sales-demo-002-vol 208900.daily.2018.05.08_193418 15258789 Okay 15258789
sales-demo-002-vol 208900.daily.2018.05.08_193421 15258789 Okay 15258789
sales-demo-002-vol 208900.daily.2018.05.08_193425 15258789 Okay 15258789
sales-demo-002-vol 208900.daily.2018.05.08_193427 15258789 Okay 15258789
sales-demo-002-vol 208900.daily.2018.05.08_193430 15258789 Okay 15258789
sales-demo-002-vol 208900.daily.2018.05.08_193433 15258789 Okay 15258789
sales-demo-002-vol 208900.daily.2018.05.08_193436 15258789 Okay 15258789
sales-demo-002-vol 208900.daily.2018.05.08_193439 15258789 Okay 15258789
sales-demo-002-vol 208900.daily.2018.05.08_193443 15258789 Okay 15258789
sales-demo-002-vol 208900.daily.2018.05.08_193446 15258789 Okay 15258789
sales-demo-002-vol 208900.daily.2018.05.08_193449 15258789 Okay 15258789
sales-demo-002-vol 208900.daily.2018.05.08_193452 15258789 Okay 15258789
sales-demo-002-vol 208900.daily.2018.05.08_193455 15258789 Okay 15258789
sales-demo-002-vol 208900.daily.2018.05.08_193457 15258789 Okay 15258789
sales-demo-002-vol 208900.daily.2018.05.08_193500 15258789 Okay 15258789
sales-demo-002-vol 208900.daily.2018.05.08_193503 15258789 Okay 15258789
sales-demo-002-vol 208900.daily.2018.05.08_193506 15258789 Okay 15258789
sales-demo-002-vol 208900.daily.2018.05.08_193509 15258789 Okay 15258789
sales-demo-002-vol 208900.daily.2018.05.08_193512 15258789 Okay 15258789
sales-demo-002-vol 208900.daily.2018.05.08_193515 15258789 Okay 15258789
sales-demo-002-vol 208900.daily.2018.05.08_193518 15258789 Okay 15258789
sales-demo-002-vol 208900.daily.2018.05.08_193521 15258789 Okay 15258789
sales-demo-002-vol 208900.daily.2018.05.08_193524 15258789 Okay 15258789
sales-demo-002-vol 208900.daily.2018.05.08_193527 15258789 Okay 15258789
sales-demo-002-vol 208900.daily.2018.05.08_193530 15258789 Okay 15258789
sales-demo-002-vol 208900.daily.2018.05.08_193533 15258789 Okay 15258789
sales-demo-002-vol 208900.daily.2018.05.08_193536 15258789 Okay 15258789
sales-demo-002-vol 208900.daily.2018.05.08_193539 15258789 Okay 15258789
sales-demo-002-vol 208900.daily.2018.05.08_193542 15258789 Okay 15258789
sales-demo-002-vol 208900.daily.2018.05.08_193545 15258789 Okay 15258789
sales-demo-002-vol 208900.daily.2018.05.08_193548 15258789 Okay 15258789
sales-demo-002-vol 208900.daily.2018.05.08_193551 15258789 Okay 15258789
sales-demo-002-vol 208900.daily.2018.05.08_193554 15258789 Okay 15258789
sales-demo-002-vol 208900.daily.2018.05.08_193557 15258789 Okay 15258789
sales-demo-002-vol 208900.daily.2018.05.08_193600 15258789 Okay 15258789
sales-demo-002-vol 208900.daily.2018.05.08_193603 15258789 Okay 15258789
sales-demo-002-vol 208900.daily.2018.05.08_193606 15258789 Okay 15258789
sales-demo-002-vol 208900.daily.2018.05.08_193609 15258789 Okay 15258789
sales-demo-002-vol 208900.daily.2018.05.08_193612 15258789 Okay 15258789
sales-demo-002-vol 208900.daily.2018.05.08_193616 15258789 Okay 15258789
sales-demo-002-vol 208900.daily.2018.05.08_193619 15258789 Okay 15258789
sales-demo-002-vol 208900.daily.2018.05.08_193622 15258789 Okay 15258789
sales-demo-002-vol 208900.daily.2018.05.08_193625 15258789 Okay 15258789
sales-demo-002-vol 208900.daily.2018.05.08_193628 15258789 Okay 15258789
sales-demo-002-vol 208900.daily.2018.05.08_193630 15258789 Okay 15258789
sales-demo-002-vol 208900.daily.2018.05.08_193634 15258789 Okay 15258789
sales-demo-002-vol 208900.daily.2018.05.08_193636 15258789 Okay 15258789
sales-demo-002-vol 208900.daily.2018.05.08_193639 15258789 Okay 15258789
sales-demo-002-vol 208900.daily.2018.05.08_193642 15258789 Okay 15258789
sales-demo-002-vol 208900.daily.2018.05.08_193645 15258789 Okay 15258789
sales-demo-002-vol 208900.daily.2018.05.08_193649 15258789 Okay 15258789
sales-demo-002-vol 208900.daily.2018.05.08_193652 15258789 Okay 15258789
sales-demo-002-vol 208900.daily.2018.05.08_193655 15258789 Okay 15258789
sales-demo-002-vol 208900.daily.2018.05.08_193658 15258789 Okay 15258789
sales-demo-002-vol 208900.daily.2018.05.08_193701 15258789 Okay 15258789
sales-demo-002-vol 208900.daily.2018.05.08_193704 15258789 Okay 15258789
sales-demo-002-vol 208900.daily.2018.05.08_193707 15258789 Okay 15258789
sales-demo-002-vol 208900.daily.2018.05.08_193710 15258789 Okay 15258789
sales-demo-002-vol 208900.daily.2018.05.08_193713 15258789 Okay 15258789
sales-demo-002-vol 208900.daily.2018.05.08_193717 15258789 Okay 15258789
sales-demo-002-vol 208900.daily.2018.05.08_193720 15258789 Okay 15258789
sales-demo-002-vol 208900.daily.2018.05.08_193723 15258789 Okay 15258789
sales-demo-002-vol 208900.daily.2018.05.08_193726 15258789 Okay 15258789
sales-demo-002-vol 208900.daily.2018.05.08_193729 15258789 Okay 15258789
sales-demo-002-vol 208900.daily.2018.05.08_193732 15258789 Okay 15258789
sales-demo-002-vol 208900.daily.2018.05.08_193735 15258789 Okay 15258789
sales-demo-002-vol 208900.daily.2018.05.08_193738 15258789 Okay 15258789
sales-demo-002-vol 208900.daily.2018.05.08_193741 15258789 Okay 15258789
sales-demo-002-vol 208900.daily.2018.05.08_193744 15258789 Okay 15258789
sales-demo-002-vol 208900.daily.2018.05.08_193747 15258789 Okay 15258789
sales-demo-002-vol 208900.daily.2018.05.08_193750 15258789 Okay 15258789
sales-demo-002-vol 208900.daily.2018.05.08_193753 15258789 Okay 15258789
sales-demo-002-vol 208900.daily.2018.05.08_193756 15258789 Okay 15258789
sales-demo-002-vol 208900.daily.2018.05.08_193759 15258789 Okay 15258789
sales-demo-002-vol 208900.daily.2018.05.08_193802 15258789 Okay 15258789
sales-demo-002-vol 208900.daily.2018.05.08_193805 15258789 Okay 15258789
sales-demo-002-vol 208900.daily.2018.05.08_193809 15258789 Okay 15258789
sales-demo-002-vol 208900.daily.2018.05.08_193812 15258789 Okay 15258789
sales-demo-002-vol 208900.daily.2018.05.08_193815 15258789 Okay 15258789
sales-demo-002-vol 208900.daily.2018.05.08_193818 15258789 Okay 15258789
sales-demo-002-vol 208900.daily.2018.05.08_193821 15258789 Okay 15258789
sales-demo-002-vol 208900.daily.2018.05.08_193824 15258789 Okay 15258789
sales-demo-002-vol 208900.daily.2018.05.08_193827 15258789 Okay 15258789
sales-demo-002-vol 208900.daily.2018.05.08_193830 15258789 Okay 15258789
sales-demo-002-vol 208900.daily.2018.05.08_193833 15258789 Okay 15258789
sales-demo-002-vol 208900.daily.2018.05.08_193836 15258789 Okay 15258789
sales-demo-002-vol 208900.daily.2018.05.08_193839 15258789 Okay 15258789
sales-demo-002-vol 208900.daily.2018.05.08_193843 15258789 Okay 15258789
sales-demo-002-vol 208900.daily.2018.05.08_193846 15258789 Okay 15258789
sales-demo-002-vol 208900.daily.2018.05.08_193849 15258789 Okay 15258789
sales-demo-002-vol 208900.daily.2018.05.08_193852 15258789 Okay 15258789
sales-demo-002-vol 208900.daily.2018.05.08_193855 15258789 Okay 15258789
sales-demo-002-vol 208900.daily.2018.05.08_193858 15258789 Okay 15258789
sales-demo-002-vol 208900.daily.2018.05.08_193901 15258789 Okay 15258789
sales-demo-002-vol 208900.daily.2018.05.08_193904 15258789 Okay 15258789
sales-demo-002-vol 208900.daily.2018.05.08_193908 15258789 Okay 15258789
sales-demo-002-vol 208900.daily.2018.05.08_193912 15258789 Okay 15258789
sales-demo-002-vol 208900.daily.2018.05.08_193915 15258789 Okay 15258789
sales-demo-002-vol 208900.daily.2018.05.08_193918 15258789 Okay 15258789
sales-demo-002-vol 208900.daily.2018.05.08_193921 15258789 Okay 15258789
sales-demo-002-vol 208900.daily.2018.05.08_193924 15258789 Okay 15258789
sales-demo-002-vol 208900.daily.2018.05.08_193927 15258789 Okay 15258789
sales-demo-002-vol 208900.daily.2018.05.08_193930 15258789 Okay 15258789
sales-demo-002-vol 208900.daily.2018.05.08_193933 15258789 Okay 15258789
sales-demo-002-vol 208900.daily.2018.05.08_193936 15258789 Okay 15258789
sales-demo-002-vol 208900.daily.2018.05.08_193940 15258789 Okay 15258789
sales-demo-002-vol 208900.daily.2018.05.08_193943 15258789 Okay 15258789
sales-demo-002-vol 208900.daily.2018.05.08_193946 15258789 Okay 15258789
sales-demo-002-vol 208900.daily.2018.05.08_193949 15258789 Okay 15258789
sales-demo-002-vol 208900.daily.2018.05.08_193952 15258789 Okay 15258789
sales-demo-002-vol 208900.daily.2018.05.08_193955 15258789 Okay 15258789
sales-demo-002-vol 208900.daily.2018.05.08_193958 15258789 Okay 15258789
sales-demo-002-vol 208900.daily.2018.05.08_194001 15258789 Okay 15258789
sales-demo-002-vol 208900.daily.2018.05.08_194004 15258789 Okay 15258789
sales-demo-002-vol 208900.daily.2018.05.08_194007 15258789 Okay 15258789
sales-demo-002-vol 208900.daily.2018.05.08_194010 15258789 Okay 15258789
sales-demo-002-vol 208900.daily.2018.05.08_194013 15258789 Okay 15258789
sales-demo-002-vol 208900.daily.2018.05.08_194016 15258789 Okay 15258789
sales-demo-002-vol 208900.daily.2018.05.08_194019 15258789 Okay 15258789
sales-demo-002-vol 208900.daily.2018.05.08_194022 15258789 Okay 15258789
sales-demo-002-vol 208900.daily.2018.05.08_194026 15258789 Okay 15258789
sales-demo-002-vol 208900.daily.2018.05.08_194029 15258789 Okay 15258789
sales-demo-002-vol 208900.daily.2018.05.08_194033 15258789 Okay 15258789
sales-demo-002-vol 208900.daily.2018.05.08_194036 15258789 Okay 15258789
sales-demo-002-vol 208900.daily.2018.05.08_194039 15258789 Okay 15258789
sales-demo-002-vol 208900.daily.2018.05.08_194042 15258789 Okay 15258789
sales-demo-002-vol 208900.daily.2018.05.08_194045 15258789 Okay 15258789
sales-demo-002-vol 208900.daily.2018.05.08_194048 15258789 Okay 15258789
sales-demo-002-vol 208900.daily.2018.05.08_194051 15258789 Okay 15258789
sales-demo-002-vol 208900.daily.2018.05.08_194054 15258789 Okay 15258789
sales-demo-002-vol 208900.daily.2018.05.08_194057 15258789 Okay 15258789
sales-demo-002-vol 208900.daily.2018.05.08_194100 15258789 Okay 15258789
sales-demo-002-vol 208900.daily.2018.05.08_194103 15258789 Okay 15258789
sales-demo-002-vol 208900.daily.2018.05.08_194106 15258789 Okay 15258789
sales-demo-002-vol 208900.daily.2018.05.08_194110 15258789 Okay 15258789
sales-demo-002-vol 208900.daily.2018.05.08_194113 15258789 Okay 15258789
sales-demo-002-vol 208900.daily.2018.05.08_194116 15258789 Okay 15258789
sales-demo-002-vol 208900.daily.2018.05.08_194119 15258789 Okay 15258789
sales-demo-002-vol 208900.daily.2018.05.08_194122 15258789 Okay 15258789
sales-demo-002-vol 208900.daily.2018.05.08_194125 15258789 Okay 15258789
sales-demo-002-vol 208900.daily.2018.05.08_194128 15258789 Okay 15258789
sales-demo-002-vol 208900.daily.2018.05.08_194131 15258789 Okay 15258789
sales-demo-002-vol 208900.daily.2018.05.08_194134 15258789 Okay 15258789
sales-demo-002-vol 208900.daily.2018.05.08_194137 15258789 Okay 15258789
sales-demo-002-vol 208900.daily.2018.05.08_194140 15258789 Okay 15258789
sales-demo-002-vol 208900.daily.2018.05.08_194143 15258789 Okay 15258789
sales-demo-002-vol 208900.daily.2018.05.08_194146 15258789 Okay 15258789
sales-demo-002-vol 208900.daily.2018.05.08_194149 15258789 Okay 15258789
sales-demo-002-vol 208900.daily.2018.05.08_194152 15258789 Okay 15258789
sales-demo-002-vol 208900.daily.2018.05.08_194156 15258789 Okay 15258789
sales-demo-002-vol 208900.daily.2018.05.08_194159 15258789 Okay 15258789
sales-demo-002-vol 208900.daily.2018.05.08_194202 15258789 Okay 15258789
sales-demo-002-vol 208900.daily.2018.05.08_194206 15258789 Okay 15258789
sales-demo-002-vol 208900.daily.2018.05.08_194209 15258789 Okay 15258789
sales-demo-002-vol 208900.daily.2018.05.08_194212 15258789 Okay 15258789
sales-demo-002-vol 208900.daily.2018.05.08_194215 15258789 Okay 15258789
sales-demo-002-vol 208900.daily.2018.05.08_194218 15258789 Okay 15258789
sales-demo-002-vol 208900.daily.2018.05.08_194222 15258789 Okay 15258789
sales-demo-002-vol 208900.daily.2018.05.08_194225 15258789 Okay 15258789
sales-demo-002-vol 208900.daily.2018.05.08_194228 15258789 Okay 15258789
sales-demo-002-vol 208900.daily.2018.05.08_194231 15258789 Okay 15258789
sales-demo-002-vol 208900.daily.2018.05.08_194234 15258789 Okay 15258789
sales-demo-002-vol 208900.daily.2018.05.08_194237 15258789 Okay 15258789
sales-demo-002-vol 208900.daily.2018.05.08_194241 15258789 Okay 15258789
sales-demo-002-vol 208900.daily.2018.05.08_194244 15258789 Okay 15258789
sales-demo-002-vol 208900.daily.2018.05.08_194247 15258789 Okay 15258789
sales-demo-002-vol 208900.daily.2018.05.08_194250 15258789 Okay 15258789
sales-demo-002-vol 208900.daily.2018.05.08_194254 15258789 Okay 15258789
sales-demo-002-vol 208900.daily.2018.05.08_194257 15258789 Okay 15258789
sales-demo-002-vol 208900.daily.2018.05.08_194300 15258789 Okay 15258789
sales-demo-002-vol 208900.daily.2018.05.08_194303 15258789 Okay 15258789
sales-demo-002-vol 208900.daily.2018.05.08_194306 15258789 Okay 15258789
sales-demo-002-vol 208900.daily.2018.05.08_194309 15258789 Okay 15258789
sales-demo-002-vol 208900.daily.2018.05.08_194313 15258789 Okay 15258789
sales-demo-002-vol 208900.daily.2018.05.08_194316 15258789 Okay 15258789
sales-demo-002-vol 208900.daily.2018.05.08_194319 15258789 Okay 15258789
sales-demo-002-vol 208900.daily.2018.05.08_194322 15258789 Okay 15258789
sales-demo-002-vol 208900.daily.2018.05.08_194325 15258789 Okay 15258789
sales-demo-002-vol 208900.daily.2018.05.08_194329 15258789 Okay 15258789
sales-demo-002-vol 208900.daily.2018.05.08_194332 15258789 Okay 15258789
sales-demo-002-vol 208900.daily.2018.05.08_194335 15258789 Okay 15258789
sales-demo-002-vol 208900.daily.2018.05.08_194338 15258789 Okay 15258789
sales-demo-002-vol 208900.daily.2018.05.08_194341 15258789 Okay 15258789
sales-demo-002-vol 208900.daily.2018.05.08_194345 15258789 Okay 15258789
sales-demo-002-vol 208900.daily.2018.05.08_194348 15258789 Okay 15258789
sales-demo-002-vol 208900.daily.2018.05.08_194351 15258789 Okay 15258789
sales-demo-002-vol 208900.daily.2018.05.08_194354 15258789 Okay 15258789
sales-demo-002-vol 208900.daily.2018.05.08_194357 15258789 Okay 15258789
sales-demo-002-vol 208900.daily.2018.05.08_194400 15258789 Okay 15258789
sales-demo-002-vol 208900.daily.2018.05.08_194404 15258789 Okay 15258789
sales-demo-002-vol 208900.daily.2018.05.08_194407 15258789 Okay 15258789
sales-demo-002-vol 208900.daily.2018.05.08_194410 15258789 Okay 15258789
sales-demo-002-vol 208900.daily.2018.05.08_194413 15258789 Okay 15258789
sales-demo-002-vol 208900.daily.2018.05.08_194416 15258789 Okay 15258789
sales-demo-002-vol 208900.daily.2018.05.08_194420 15258789 Okay 15258789
sales-demo-002-vol 208900.daily.2018.05.08_194423 15258789 Okay 15258789
sales-demo-002-vol 208900.daily.2018.05.08_194426 15258789 Okay 15258789
sales-demo-002-vol 208900.daily.2018.05.08_194430 15258789 Okay 15258789
sales-demo-002-vol 208900.daily.2018.05.08_194433 15258789 Okay 15258789
sales-demo-002-vol 208900.daily.2018.05.08_194436 15258789 Okay 15258789
sales-demo-002-vol 208900.daily.2018.05.08_194439 15258789 Okay 15258789
sales-demo-002-vol 208900.daily.2018.05.08_194442 15258789 Okay 15258789
sales-demo-002-vol 208900.daily.2018.05.08_194446 15258789 Okay 15258789
sales-demo-002-vol 208900.daily.2018.05.08_194449 15258789 Okay 15258789
sales-demo-002-vol 208900.daily.2018.05.08_194452 15258789 Okay 15258789
sales-demo-002-vol 208900.daily.2018.05.08_194455 15258789 Okay 15258789
sales-demo-002-vol 208900.daily.2018.05.08_194458 15258789 Okay 15258789
sales-demo-002-vol 208900.daily.2018.05.08_194502 15258789 Okay 15258789
sales-demo-002-vol 208900.daily.2018.05.08_194505 15258789 Okay 15258789
sales-demo-002-vol 208900.daily.2018.05.08_194509 15258789 Okay 15258789
sales-demo-002-vol 208900.daily.2018.05.08_194512 15258789 Okay 15258789
sales-demo-002-vol 208900.daily.2018.05.08_194516 15258789 Okay 15258789
sales-demo-002-vol 208900.daily.2018.05.08_194519 15258789 Okay 15258789
sales-demo-002-vol 208900.daily.2018.05.08_194522 15258789 Okay 15258789
sales-demo-002-vol 208900.daily.2018.05.08_194525 15258789 Okay 15258789
sales-demo-002-vol 208900.daily.2018.05.08_194529 15258789 Okay 15258789
sales-demo-002-vol 208900.daily.2018.05.08_194532 15258789 Okay 15258789
sales-demo-002-vol 208900.daily.2018.05.08_194535 15258789 Okay 15258789
sales-demo-002-vol 208900.daily.2018.05.08_194538 15258789 Okay 15258789
sales-demo-002-vol 208900.daily.2018.05.08_194542 15258789 Okay 15258789
sales-demo-002-vol 208900.daily.2018.05.08_194545 15258789 Okay 15258789
sales-demo-002-vol 208900.daily.2018.05.08_194548 15258789 Okay 15258789
sales-demo-002-vol 208900.daily.2018.05.08_194551 15258789 Okay 15258789
sales-demo-002-vol 208900.daily.2018.05.08_194554 15258789 Okay 15258789
sales-demo-002-vol 208900.daily.2018.05.08_194558 15258789 Okay 15258789
sales-demo-002-vol 208900.daily.2018.05.08_194601 15258789 Okay 15258789
sales-demo-002-vol 208900.daily.2018.05.08_194604 15258789 Okay 15258789
sales-demo-002-vol 208900.daily.2018.05.08_194607 15258789 Okay 15258789
sales-demo-002-vol 208900.daily.2018.05.08_194611 15258789 Okay 15258789
sales-demo-002-vol 208900.daily.2018.05.08_194614 15258789 Okay 15258789
sales-demo-002-vol 208900.daily.2018.05.08_194617 15258789 Okay 15258789
sales-demo-002-vol 208900.daily.2018.05.08_194620 15258789 Okay 15258789
sales-demo-002-vol 208900.daily.2018.05.08_194623 15258789 Okay 15258789
sales-demo-002-vol 208900.daily.2018.05.08_194627 15258789 Okay 15258789
sales-demo-002-vol 208900.daily.2018.05.08_194630 15258789 Okay 15258789
sales-demo-002-vol 208900.daily.2018.05.08_194633 15258789 Okay 15258789
sales-demo-002-vol 208900.daily.2018.05.08_194636 15258789 Okay 15258789
sales-demo-002-vol 208900.daily.2018.05.08_194640 15258789 Okay 15258789
sales-demo-002-vol 208900.daily.2018.05.08_194643 15258789 Okay 15258789
sales-demo-002-vol 208900.daily.2018.05.08_194646 15258789 Okay 15258789
sales-demo-002-vol 208900.daily.2018.05.08_194650 15258789 Okay 15258789
sales-demo-002-vol 208900.daily.2018.05.08_194653 15258789 Okay 15258789
sales-demo-002-vol 208900.daily.2018.05.08_194656 15258789 Okay 15258789
sales-demo-002-vol 208900.daily.2018.05.08_194700 15258789 Okay 15258789
sales-demo-002-vol 208900.daily.2018.05.08_194703 15258789 Okay 15258789
sales-demo-002-vol 208900.daily.2018.05.08_194706 15258789 Okay 15258789
sales-demo-002-vol 208900.daily.2018.05.08_194709 15258789 Okay 15258789
sales-demo-002-vol 208900.daily.2018.05.08_194713 15258789 Okay 15258789
sales-demo-002-vol 208900.daily.2018.05.08_194716 15258789 Okay 15258789
sales-demo-002-vol 208900.daily.2018.05.08_194719 15258789 Okay 15258789
sales-demo-002-vol 208900.daily.2018.05.08_194723 15258789 Okay 15258789
sales-demo-002-vol 208900.daily.2018.05.08_194726 15258789 Okay 15258789
sales-demo-002-vol 208900.daily.2018.05.08_194729 15258789 Okay 15258789
sales-demo-002-vol 208900.daily.2018.05.08_194733 15258789 Okay 15258789
sales-demo-002-vol 208900.daily.2018.05.08_194736 15258789 Okay 15258789
sales-demo-002-vol 208900.daily.2018.05.08_194740 15258789 Okay 15258789
sales-demo-002-vol 208900.daily.2018.05.08_194743 15258789 Okay 15258789
sales-demo-002-vol 208900.daily.2018.05.08_194746 15258789 Okay 15258789
sales-demo-002-vol 208900.daily.2018.05.08_194750 15258789 Okay 15258789
sales-demo-002-vol 208900.daily.2018.05.08_194753 15258789 Okay 15258789
sales-demo-002-vol 208900.daily.2018.05.08_194756 15258789 Okay 15258789
sales-demo-002-vol 208900.daily.2018.05.08_194759 15258789 Okay 15258789
sales-demo-002-vol 208900.daily.2018.05.08_194803 15258789 Okay 15258789
sales-demo-002-vol 208900.daily.2018.05.08_194806 15258789 Okay 15258789
sales-demo-002-vol 208900.daily.2018.05.08_194810 15258789 Okay 15258789
sales-demo-002-vol 208900.daily.2018.05.08_194813 15258789 Okay 15258789
sales-demo-002-vol 208900.daily.2018.05.08_194817 15258789 Okay 15258789
sales-demo-002-vol 208900.daily.2018.05.08_194820 15258789 Okay 15258789
sales-demo-002-vol 208900.daily.2018.05.08_194823 15258789 Okay 15258789
sales-demo-002-vol 208900.daily.2018.05.08_194827 15258789 Okay 15258789
sales-demo-002-vol 208900.daily.2018.05.08_194830 15258789 Okay 15258789
sales-demo-002-vol 208900.daily.2018.05.08_194833 15258789 Okay 15258789
sales-demo-002-vol 208900.daily.2018.05.08_194836 15258789 Okay 15258789
sales-demo-002-vol 208900.daily.2018.05.08_194839 15258789 Okay 15258789
sales-demo-002-vol 208900.daily.2018.05.08_194844 15258789 Okay 15258789
sales-demo-002-vol 208900.daily.2018.05.08_194847 15258789 Okay 15258789
sales-demo-002-vol 208900.daily.2018.05.08_194851 15258789 Okay 15258789
sales-demo-002-vol 208900.daily.2018.05.08_194854 15258789 Okay 15258789
sales-demo-002-vol 208900.daily.2018.05.08_194857 15258789 Okay 15258789
sales-demo-002-vol 208900.daily.2018.05.08_194901 15258789 Okay 15258789
sales-demo-002-vol 208900.daily.2018.05.08_194904 15258789 Okay 15258789
sales-demo-002-vol 208900.daily.2018.05.08_194907 15258789 Okay 15258789
sales-demo-002-vol 208900.daily.2018.05.08_194910 15258789 Okay 15258789
sales-demo-002-vol 208900.daily.2018.05.08_194914 15258789 Okay 15258789
sales-demo-002-vol 208900.daily.2018.05.08_194917 15258789 Okay 15258789
sales-demo-002-vol 208900.daily.2018.05.08_194920 15258789 Okay 15258789
sales-demo-002-vol 208900.daily.2018.05.08_194924 15258789 Okay 15258789
sales-demo-002-vol 208900.daily.2018.05.08_194927 15258789 Okay 15258789
sales-demo-002-vol 208900.daily.2018.05.08_194930 15258789 Okay 15258789
sales-demo-002-vol 208900.daily.2018.05.08_194934 15258789 Okay 15258789
sales-demo-002-vol 208900.daily.2018.05.08_194937 15258789 Okay 15258789
sales-demo-002-vol 208900.daily.2018.05.08_194940 15258789 Okay 15258789
sales-demo-002-vol 208900.daily.2018.05.08_194944 15258789 Okay 15258789
sales-demo-002-vol 208900.daily.2018.05.08_194947 15258789 Okay 15258789
sales-demo-002-vol 208900.daily.2018.05.08_194950 15258789 Okay 15258789
sales-demo-002-vol 208900.daily.2018.05.08_194954 15258789 Okay 15258789
sales-demo-002-vol 208900.daily.2018.05.08_194957 15258789 Okay 15258789
sales-demo-002-vol 208900.daily.2018.05.08_195000 15258789 Okay 15258789
sales-demo-002-vol 208900.daily.2018.05.08_195004 15258789 Okay 15258789
sales-demo-002-vol 208900.daily.2018.05.08_195007 15258789 Okay 15258789
sales-demo-002-vol 208900.daily.2018.05.08_195011 15258789 Okay 15258789
sales-demo-002-vol 208900.daily.2018.05.08_195014 15258789 Okay 15258789
sales-demo-002-vol 208900.daily.2018.05.08_195017 15258789 Okay 15258789
sales-demo-002-vol 208900.daily.2018.05.08_195020 15258789 Okay 15258789
sales-demo-002-vol 208900.daily.2018.05.08_195024 15258789 Okay 15258789
sales-demo-002-vol 208900.daily.2018.05.08_195027 15258789 Okay 15258789
sales-demo-002-vol 208900.daily.2018.05.08_195031 15258789 Okay 15258789
sales-demo-002-vol 208900.daily.2018.05.08_195034 15258789 Okay 15258789
sales-demo-002-vol 208900.daily.2018.05.08_195038 15258789 Okay 15258789
sales-demo-002-vol 208900.daily.2018.05.08_195043 15258789 Okay 15258789
sales-demo-002-vol 208900.daily.2018.05.08_195046 15258789 Okay 15258789
sales-demo-002-vol 208900.daily.2018.05.08_195049 15258789 Okay 15258789
sales-demo-002-vol 208900.daily.2018.05.08_195053 15258789 Okay 15258789
sales-demo-002-vol 208900.daily.2018.05.08_195056 15258789 Okay 15258789
sales-demo-002-vol 208900.daily.2018.05.08_195059 15258789 Okay 15258789
sales-demo-002-vol 208900.daily.2018.05.08_195103 15258789 Okay 15258789
sales-demo-002-vol 208900.daily.2018.05.08_195107 15258789 Okay 15258789
sales-demo-002-vol 208900.daily.2018.05.08_195110 15258789 Okay 15258789
sales-demo-002-vol 208900.daily.2018.05.08_195114 15258789 Okay 15258789
sales-demo-002-vol 208900.daily.2018.05.08_195117 15258789 Okay 15258789
sales-demo-002-vol 208900.daily.2018.05.08_195121 15258789 Okay 15258789
sales-demo-002-vol 208900.daily.2018.05.08_195124 15258789 Okay 15258789
sales-demo-002-vol 208900.daily.2018.05.08_195127 15258789 Okay 15258789
sales-demo-002-vol 208900.daily.2018.05.08_195131 15258789 Okay 15258789
sales-demo-002-vol 208900.daily.2018.05.08_195134 15258789 Okay 15258789
sales-demo-002-vol 208900.daily.2018.05.08_195138 15258789 Okay 15258789
sales-demo-002-vol 208900.daily.2018.05.08_195141 15258789 Okay 15258789
sales-demo-002-vol 208900.daily.2018.05.08_195144 15258789 Okay 15258789
sales-demo-002-vol 208900.daily.2018.05.08_195148 15258789 Okay 15258789
sales-demo-002-vol 208900.daily.2018.05.08_195151 15258789 Okay 15258789
sales-demo-002-vol 208900.daily.2018.05.08_195154 15258789 Okay 15258789
sales-demo-002-vol 208900.daily.2018.05.08_195158 15258789 Okay 15258789
sales-demo-002-vol 208900.daily.2018.05.08_195201 15258789 Okay 15258789
sales-demo-002-vol 208900.daily.2018.05.08_195204 15258789 Okay 15258789
sales-demo-002-vol 208900.daily.2018.05.08_195208 15258789 Okay 15258789
sales-demo-002-vol 208900.daily.2018.05.08_195211 15258789 Okay 15258789
sales-demo-002-vol 208900.daily.2018.05.08_195215 15258789 Okay 15258789
sales-demo-002-vol 208900.daily.2018.05.08_195219 15258789 Okay 15258789
sales-demo-002-vol 208900.daily.2018.05.08_195222 15258789 Okay 15258789
sales-demo-002-vol 208900.daily.2018.05.08_195225 15258789 Okay 15258789
sales-demo-002-vol 208900.daily.2018.05.08_195229 15258789 Okay 15258789
sales-demo-002-vol 208900.daily.2018.05.08_195232 15258789 Okay 15258789
sales-demo-002-vol 208900.daily.2018.05.08_195236 15258789 Okay 15258789
sales-demo-002-vol 208900.daily.2018.05.08_195239 15258789 Okay 15258789
sales-demo-002-vol 208900.daily.2018.05.08_195243 15258789 Okay 15258789
sales-demo-002-vol 208900.daily.2018.05.08_195246 15258789 Okay 15258789
sales-demo-002-vol 208900.daily.2018.05.08_195250 15258789 Okay 15258789
sales-demo-002-vol 208900.daily.2018.05.08_195253 15258789 Okay 15258789
sales-demo-002-vol 208900.daily.2018.05.08_195257 15258789 Okay 15258789
sales-demo-002-vol 208900.daily.2018.05.08_195300 15258789 Okay 15258789
sales-demo-002-vol 208900.daily.2018.05.08_195304 15258789 Okay 15258789
sales-demo-002-vol 208900.daily.2018.05.08_195307 15258789 Okay 15258789
sales-demo-002-vol 208900.daily.2018.05.08_195311 15258789 Okay 15258789
sales-demo-002-vol 208900.daily.2018.05.08_195314 15258789 Okay 15258789
sales-demo-002-vol 208900.daily.2018.05.08_195317 15258789 Okay 15258789
sales-demo-002-vol 208900.daily.2018.05.08_195321 15258789 Okay 15258789
sales-demo-002-vol 208900.daily.2018.05.08_195325 15258789 Okay 15258789
sales-demo-002-vol 208900.daily.2018.05.08_195328 15258789 Okay 15258789
sales-demo-002-vol 208900.daily.2018.05.08_195332 15258789 Okay 15258789
sales-demo-002-vol 208900.daily.2018.05.08_195335 15258789 Okay 15258789
sales-demo-002-vol 208900.daily.2018.05.08_195338 15258789 Okay 15258789
sales-demo-002-vol 208900.daily.2018.05.08_195342 15258789 Okay 15258789
sales-demo-002-vol 208900.daily.2018.05.08_195346 15258789 Okay 15258789
sales-demo-002-vol 208900.daily.2018.05.08_195349 15258789 Okay 15258789
sales-demo-002-vol 208900.daily.2018.05.08_195353 15258789 Okay 15258789
sales-demo-002-vol 208900.daily.2018.05.08_195356 15258789 Okay 15258789
sales-demo-002-vol 208900.daily.2018.05.08_195400 15258789 Okay 15258789
sales-demo-002-vol 208900.daily.2018.05.08_195404 15258789 Okay 15258789
sales-demo-002-vol 208900.daily.2018.05.08_195408 15258789 Okay 15258789
sales-demo-002-vol 208900.daily.2018.05.08_195411 15258789 Okay 15258789
sales-demo-002-vol 208900.daily.2018.05.08_195414 15258789 Okay 15258789
sales-demo-002-vol 208900.daily.2018.05.08_195418 15258789 Okay 15258789
sales-demo-002-vol 208900.daily.2018.05.08_195421 15258789 Okay 15258789
sales-demo-002-vol 208900.daily.2018.05.08_195424 15258789 Okay 15258789
sales-demo-002-vol 208900.daily.2018.05.08_195428 15258789 Okay 15258789
sales-demo-002-vol 208900.daily.2018.05.08_195431 15258789 Okay 15258789
sales-demo-002-vol 208900.daily.2018.05.08_195435 15258789 Okay 15258789
sales-demo-002-vol 208900.daily.2018.05.08_195438 15258789 Okay 15258789
sales-demo-002-vol 208900.daily.2018.05.08_195441 15258789 Okay 15258789
sales-demo-002-vol 208900.daily.2018.05.08_195445 15258789 Okay 15258789
sales-demo-002-vol 208900.daily.2018.05.08_195449 15258789 Okay 15258789
sales-demo-002-vol 208900.daily.2018.05.08_195452 15258789 Okay 15258789
sales-demo-002-vol 208900.daily.2018.05.08_195456 15258789 Okay 15258789
sales-demo-002-vol 208900.daily.2018.05.08_195459 15258789 Okay 15258789
sales-demo-002-vol 208900.daily.2018.05.08_195503 15258789 Okay 15258789
sales-demo-002-vol 208900.daily.2018.05.08_195506 15258789 Okay 15258789
sales-demo-002-vol 208900.daily.2018.05.08_195510 15258789 Okay 15258789
sales-demo-002-vol 208900.daily.2018.05.08_195513 15258789 Okay 15258789
sales-demo-002-vol 208900.daily.2018.05.08_195517 15258789 Okay 15258789
sales-demo-002-vol 208900.daily.2018.05.08_195520 15258789 Okay 15258789
sales-demo-002-vol 208900.daily.2018.05.08_195524 15258789 Okay 15258789
sales-demo-002-vol 208900.daily.2018.05.08_195528 15258789 Okay 15258789
sales-demo-002-vol 208900.daily.2018.05.08_195531 15258789 Okay 15258789
sales-demo-002-vol 208900.daily.2018.05.08_195535 15258789 Okay 15258789
sales-demo-002-vol 208900.daily.2018.05.08_195538 15258789 Okay 15258789
sales-demo-002-vol 208900.daily.2018.05.08_195542 15258789 Okay 15258789
sales-demo-002-vol 208900.daily.2018.05.08_195545 15258789 Okay 15258789
sales-demo-002-vol 208900.daily.2018.05.08_195549 15258789 Okay 15258789
sales-demo-002-vol 208900.daily.2018.05.08_195553 15258789 Okay 15258789
sales-demo-002-vol 208900.daily.2018.05.08_195556 15258789 Okay 15258789
sales-demo-002-vol 208900.daily.2018.05.08_195600 15258789 Okay 15258789
sales-demo-002-vol 208900.daily.2018.05.08_195603 15258789 Okay 15258789
sales-demo-002-vol 208900.daily.2018.05.08_195607 15258789 Okay 15258789
sales-demo-002-vol 208900.daily.2018.05.08_195610 15258789 Okay 15258789
sales-demo-002-vol 208900.daily.2018.05.08_195614 15258789 Okay 15258789
sales-demo-002-vol 208900.daily.2018.05.08_195617 15258789 Okay 15258789
sales-demo-002-vol 208900.daily.2018.05.08_195620 15258789 Okay 15258789
sales-demo-002-vol 208900.daily.2018.05.08_195624 15258789 Okay 15258789
sales-demo-002-vol 208900.daily.2018.05.08_195628 15258789 Okay 15258789
sales-demo-002-vol 208900.daily.2018.05.08_195631 15258789 Okay 15258789
sales-demo-002-vol 208900.daily.2018.05.08_195635 15258789 Okay 15258789
sales-demo-002-vol 208900.daily.2018.05.08_195639 15258789 Okay 15258789
sales-demo-002-vol 208900.daily.2018.05.08_195642 15258789 Okay 15258789
sales-demo-002-vol 208900.daily.2018.05.08_195646 15258789 Okay 15258789
sales-demo-002-vol 208900.daily.2018.05.08_195649 15258789 Okay 15258789
sales-demo-002-vol 208900.daily.2018.05.08_195652 15258789 Okay 15258789
sales-demo-002-vol 208900.daily.2018.05.08_195656 15258789 Okay 15258789
sales-demo-002-vol 208900.daily.2018.05.08_195659 15258789 Okay 15258789
sales-demo-002-vol 208900.daily.2018.05.08_195703 15258789 Okay 15258789
sales-demo-002-vol 208900.daily.2018.05.08_195707 15258789 Okay 15258789
sales-demo-002-vol 208900.daily.2018.05.08_195711 15258789 Okay 15258789
sales-demo-002-vol 208900.daily.2018.05.08_195714 15258789 Okay 15258789
sales-demo-002-vol 208900.daily.2018.05.08_195718 15258789 Okay 15258789
sales-demo-002-vol 208900.daily.2018.05.08_195722 15258789 Okay 15258789
sales-demo-002-vol 208900.daily.2018.05.08_195725 15258789 Okay 15258789
sales-demo-002-vol 208900.daily.2018.05.08_195729 15258789 Okay 15258789
sales-demo-002-vol 208900.daily.2018.05.08_195732 15258789 Okay 15258789
sales-demo-002-vol 208900.daily.2018.05.08_195736 15258789 Okay 15258789
sales-demo-002-vol 208900.daily.2018.05.08_195739 15258789 Okay 15258789
sales-demo-002-vol 208900.daily.2018.05.08_195743 15258789 Okay 15258789
sales-demo-002-vol 208900.daily.2018.05.08_195746 15258789 Okay 15258789
sales-demo-002-vol 208900.daily.2018.05.08_195750 15258789 Okay 15258789
sales-demo-002-vol 208900.daily.2018.05.08_195753 15258789 Okay 15258789
sales-demo-002-vol 208900.daily.2018.05.08_195757 15258789 Okay 15258789
sales-demo-002-vol 208900.daily.2018.05.08_195800 15258789 Okay 15258789
sales-demo-002-vol 208900.daily.2018.05.08_195804 15258789 Okay 15258789
sales-demo-002-vol 208900.daily.2018.05.08_195807 15258789 Okay 15258789
sales-demo-002-vol 208900.daily.2018.05.08_195811 15258789 Okay 15258789
sales-demo-002-vol 208900.daily.2018.05.08_195814 15258789 Okay 15258789
sales-demo-002-vol 208900.daily.2018.05.08_195818 15258789 Okay 15258789
sales-demo-002-vol 208900.daily.2018.05.08_195821 15258789 Okay 15258789
sales-demo-002-vol 208900.daily.2018.05.08_195825 15258789 Okay 15258789
sales-demo-002-vol 208900.daily.2018.05.08_195828 15258789 Okay 15258789
sales-demo-002-vol 208900.daily.2018.05.08_195832 15258789 Okay 15258789
sales-demo-002-vol 208900.daily.2018.05.08_195835 15258789 Okay 15258789
sales-demo-002-vol 208900.daily.2018.05.08_195839 15258789 Okay 15258789
sales-demo-002-vol 208900.daily.2018.05.08_195843 15258789 Okay 15258789
sales-demo-002-vol 208900.daily.2018.05.08_195846 15258789 Okay 15258789
sales-demo-002-vol 208900.daily.2018.05.08_195850 15258789 Okay 15258789
sales-demo-002-vol 208900.daily.2018.05.08_195853 15258789 Okay 15258789
sales-demo-002-vol 208900.daily.2018.05.08_195857 15258789 Okay 15258789
sales-demo-002-vol 208900.daily.2018.05.08_195900 15258789 Okay 15258789
sales-demo-002-vol 208900.daily.2018.05.08_195904 15258789 Okay 15258789
sales-demo-002-vol 208900.daily.2018.05.08_195908 15258789 Okay 15258789
sales-demo-002-vol 208900.daily.2018.05.08_195911 15258789 Okay 15258789
sales-demo-002-vol 208900.daily.2018.05.08_195914 15258789 Okay 15258789
sales-demo-002-vol 208900.daily.2018.05.08_195918 15258789 Okay 15258789
sales-demo-002-vol 208900.daily.2018.05.08_195922 15258789 Okay 15258789
sales-demo-002-vol 208900.daily.2018.05.08_195925 15258789 Okay 15258789
sales-demo-002-vol 208900.daily.2018.05.08_195929 15258789 Okay 15258789
sales-demo-002-vol 208900.daily.2018.05.08_195933 15258789 Okay 15258789
sales-demo-002-vol 208900.daily.2018.05.08_195936 15258789 Okay 15258789
sales-demo-002-vol 208900.daily.2018.05.08_195940 15258789 Okay 15258789
sales-demo-002-vol 208900.daily.2018.05.08_195944 15258789 Okay 15258789
sales-demo-002-vol 208900.daily.2018.05.08_195947 15258789 Okay 15258789
sales-demo-002-vol 208900.daily.2018.05.08_195951 15258789 Okay 15258789
sales-demo-002-vol 208900.daily.2018.05.08_195955 15258789 Okay 15258789
sales-demo-002-vol 208900.daily.2018.05.08_195958 15258789 Okay 15258789
sales-demo-002-vol 208900.daily.2018.05.08_200002 15258789 Okay 15258789
sales-demo-002-vol 208900.daily.2018.05.08_200006 15258789 Okay 15258789
sales-demo-002-vol 208900.daily.2018.05.08_200010 15258789 Okay 15258789
sales-demo-002-vol 208900.daily.2018.05.08_200013 15258789 Okay 15258789
sales-demo-002-vol 208900.daily.2018.05.08_200017 15258789 Okay 15258789
sales-demo-002-vol 208900.daily.2018.05.08_200021 15258789 Okay 15258789
sales-demo-002-vol 208900.daily.2018.05.08_200024 15258789 Okay 15258789
sales-demo-002-vol 208900.daily.2018.05.08_200028 15258789 Okay 15258789
sales-demo-002-vol 208900.daily.2018.05.08_200031 15258789 Okay 15258789
sales-demo-002-vol 208900.daily.2018.05.08_200035 15258789 Okay 15258789
sales-demo-002-vol 208900.daily.2018.05.08_200038 15258789 Okay 15258789
sales-demo-002-vol 208900.daily.2018.05.08_200042 15258789 Okay 15258789
sales-demo-002-vol 208900.daily.2018.05.08_200045 15258789 Okay 15258789
sales-demo-002-vol 208900.daily.2018.05.08_200049 15258789 Okay 15258789
sales-demo-002-vol 208900.daily.2018.05.08_200053 15258789 Okay 15258789
sales-demo-002-vol 208900.daily.2018.05.08_200056 15258789 Okay 15258789
sales-demo-002-vol 208900.daily.2018.05.08_200100 15258789 Okay 15258789
sales-demo-002-vol 208900.daily.2018.05.08_200103 15258789 Okay 15258789
sales-demo-002-vol 208900.daily.2018.05.08_200107 15258789 Okay 15258789
sales-demo-002-vol 208900.daily.2018.05.08_200111 15258789 Okay 15258789
sales-demo-002-vol 208900.daily.2018.05.08_200114 15258789 Okay 15258789
sales-demo-002-vol 208900.daily.2018.05.08_200118 15258789 Okay 15258789
sales-demo-002-vol 208900.daily.2018.05.08_200122 15258789 Okay 15258789
sales-demo-002-vol 208900.daily.2018.05.08_200126 15258789 Okay 15258789
sales-demo-002-vol 208900.daily.2018.05.08_200129 15258789 Okay 15258789
sales-demo-002-vol 208900.daily.2018.05.08_200133 15258789 Okay 15258789
sales-demo-002-vol 208900.daily.2018.05.08_200137 15258789 Okay 15258789
sales-demo-002-vol 208900.daily.2018.05.08_200140 15258789 Okay 15258789
sales-demo-002-vol 208900.daily.2018.05.08_200144 15258789 Okay 15258789
sales-demo-002-vol 208900.daily.2018.05.08_200147 15258789 Okay 15258789
sales-demo-002-vol 208900.daily.2018.05.08_200151 15258789 Okay 15258789
sales-demo-002-vol 208900.daily.2018.05.08_200155 15258789 Okay 15258789
sales-demo-002-vol 208900.daily.2018.05.08_200158 15258789 Okay 15258789
sales-demo-002-vol 208900.daily.2018.05.08_200202 15258789 Okay 15258789
sales-demo-002-vol 208900.daily.2018.05.08_200205 15258789 Okay 15258789
sales-demo-002-vol 208900.daily.2018.05.08_200209 15258789 Okay 15258789
sales-demo-002-vol 208900.daily.2018.05.08_200212 15258789 Okay 15258789
sales-demo-002-vol 208900.daily.2018.05.08_200216 15258789 Okay 15258789
sales-demo-002-vol 208900.daily.2018.05.08_200219 15258789 Okay 15258789
sales-demo-002-vol 208900.daily.2018.05.08_200223 15258789 Okay 15258789
sales-demo-002-vol 208900.daily.2018.05.08_200227 15258789 Okay 15258789
sales-demo-002-vol 208900.daily.2018.05.08_200230 15258789 Okay 15258789
sales-demo-002-vol 208900.daily.2018.05.08_200234 15258789 Okay 15258789
sales-demo-002-vol 208900.daily.2018.05.08_200238 15258789 Okay 15258789
sales-demo-002-vol 208900.daily.2018.05.08_200242 15258789 Okay 15258789
sales-demo-002-vol 208900.daily.2018.05.08_200245 15258789 Okay 15258789
sales-demo-002-vol 208900.daily.2018.05.08_200249 15258789 Okay 15258789
sales-demo-002-vol 208900.daily.2018.05.08_200252 15258789 Okay 15258789
sales-demo-002-vol 208900.daily.2018.05.08_200256 15258789 Okay 15258789
sales-demo-002-vol 208900.daily.2018.05.08_200259 15258789 Okay 15258789
sales-demo-002-vol 208900.daily.2018.05.08_200303 15258789 Okay 15258789
sales-demo-002-vol 208900.daily.2018.05.08_200307 15258789 Okay 15258789
sales-demo-002-vol 208900.daily.2018.05.08_200311 15258789 Okay 15258789
sales-demo-002-vol 208900.daily.2018.05.08_200314 15258789 Okay 15258789
sales-demo-002-vol 208900.daily.2018.05.08_200318 15258789 Okay 15258789
sales-demo-002-vol 208900.daily.2018.05.08_200322 15258789 Okay 15258789
sales-demo-002-vol 208900.daily.2018.05.08_200325 15258789 Okay 15258789
sales-demo-002-vol 208900.daily.2018.05.08_200329 15258789 Okay 15258789
sales-demo-002-vol 208900.daily.2018.05.08_200332 15258789 Okay 15258789
sales-demo-002-vol 208900.daily.2018.05.08_200336 15258789 Okay 15258789
sales-demo-002-vol 208900.daily.2018.05.08_200340 15258789 Okay 15258789
sales-demo-002-vol 208900.daily.2018.05.08_200343 15258789 Okay 15258789
sales-demo-002-vol 208900.daily.2018.05.08_200347 15258789 Okay 15258789
sales-demo-002-vol 208900.daily.2018.05.08_200351 15258789 Okay 15258789
sales-demo-002-vol 208900.daily.2018.05.08_200354 15258789 Okay 15258789
sales-demo-002-vol 208900.daily.2018.05.08_200358 15258789 Okay 15258789
sales-demo-002-vol 208900.daily.2018.05.08_200401 15258789 Okay 15258789
sales-demo-002-vol 208900.daily.2018.05.08_200405 15258789 Okay 15258789
sales-demo-002-vol 208900.daily.2018.05.08_200408 15258789 Okay 15258789
sales-demo-002-vol 208900.daily.2018.05.08_200412 15258789 Okay 15258789
sales-demo-002-vol 208900.daily.2018.05.08_200416 15258789 Okay 15258789
sales-demo-002-vol 208900.daily.2018.05.08_200419 15258789 Okay 15258789
sales-demo-002-vol 208900.daily.2018.05.08_200423 15258789 Okay 15258789
sales-demo-002-vol 208900.daily.2018.05.08_200426 15258789 Okay 15258789
sales-demo-002-vol 208900.daily.2018.05.08_200430 15258789 Okay 15258789
sales-demo-002-vol 208900.daily.2018.05.08_200434 15258789 Okay 15258789
sales-demo-002-vol 208900.daily.2018.05.08_200438 15258789 Okay 15258789
sales-demo-002-vol 208900.daily.2018.05.08_200442 15258789 Okay 15258789
sales-demo-002-vol 208900.daily.2018.05.08_200445 15258789 Okay 15258789
sales-demo-002-vol 208900.daily.2018.05.08_200449 15258789 Okay 15258789
sales-demo-002-vol 208900.daily.2018.05.08_200453 15258789 Okay 15258789
sales-demo-002-vol 208900.daily.2018.05.08_200456 15258789 Okay 15258789
sales-demo-002-vol 208900.daily.2018.05.08_200500 15258789 Okay 15258789
sales-demo-002-vol 208900.daily.2018.05.08_200504 15258789 Okay 15258789
sales-demo-002-vol 208900.daily.2018.05.08_200507 15258789 Okay 15258789
sales-demo-002-vol 208900.daily.2018.05.08_200511 15258789 Okay 15258789
sales-demo-002-vol 208900.daily.2018.05.08_200515 15258789 Okay 15258789
sales-demo-002-vol 208900.daily.2018.05.08_200519 15258789 Okay 15258789
sales-demo-002-vol 208900.daily.2018.05.08_200522 15258789 Okay 15258789
sales-demo-002-vol 208900.daily.2018.05.08_200526 15258789 Okay 15258789
sales-demo-002-vol 208900.daily.2018.05.08_200530 15258789 Okay 15258789
sales-demo-002-vol 208900.daily.2018.05.08_200533 15258789 Okay 15258789
sales-demo-002-vol 208900.daily.2018.05.08_200537 15258789 Okay 15258789
sales-demo-002-vol 208900.daily.2018.05.08_200541 15258789 Okay 15258789
sales-demo-002-vol 208900.daily.2018.05.08_200545 15258789 Okay 15258789
sales-demo-002-vol 208900.daily.2018.05.08_200548 15258789 Okay 15258789
sales-demo-002-vol 208900.daily.2018.05.08_200552 15258789 Okay 15258789
sales-demo-002-vol 208900.daily.2018.05.08_200556 15258789 Okay 15258789
sales-demo-002-vol 208900.daily.2018.05.08_200600 15258789 Okay 15258789
sales-demo-002-vol 208900.daily.2018.05.08_200604 15258789 Okay 15258789
sales-demo-002-vol 208900.daily.2018.05.08_200608 15258789 Okay 15258789
sales-demo-002-vol 208900.daily.2018.05.08_200612 15258789 Okay 15258789
sales-demo-002-vol 208900.daily.2018.05.08_200616 15258789 Okay 15258789
sales-demo-002-vol 208900.daily.2018.05.08_200620 15258789 Okay 15258789
sales-demo-002-vol 208900.daily.2018.05.08_200623 15258789 Okay 15258789
sales-demo-002-vol 208900.daily.2018.05.08_200627 15258789 Okay 15258789
sales-demo-002-vol 208900.daily.2018.05.08_200631 15258789 Okay 15258789
sales-demo-002-vol 208900.daily.2018.05.08_200635 15258789 Okay 15258789
sales-demo-002-vol 208900.daily.2018.05.08_200638 15258789 Okay 15258789
sales-demo-002-vol 208900.daily.2018.05.08_200642 15258789 Okay 15258789
sales-demo-002-vol 208900.daily.2018.05.08_200647 15258789 Okay 15258789
sales-demo-002-vol 208900.daily.2018.05.08_200650 15258789 Okay 15258789
sales-demo-002-vol 208900.daily.2018.05.08_200654 15258789 Okay 15258789
sales-demo-002-vol 208900.daily.2018.05.08_200658 15258789 Okay 15258789
sales-demo-002-vol 208900.daily.2018.05.08_200701 15258789 Okay 15258789
sales-demo-002-vol 208900.daily.2018.05.08_200705 15258789 Okay 15258789
sales-demo-002-vol 208900.daily.2018.05.08_200709 15258789 Okay 15258789
sales-demo-002-vol 208900.daily.2018.05.08_200713 15258789 Okay 15258789
sales-demo-002-vol 208900.daily.2018.05.08_200717 15258789 Okay 15258789
sales-demo-002-vol 208900.daily.2018.05.08_200721 15258789 Okay 15258789
sales-demo-002-vol 208900.daily.2018.05.08_200725 15258789 Okay 15258789
sales-demo-002-vol 208900.daily.2018.05.08_200729 15258789 Okay 15258789
sales-demo-002-vol 208900.daily.2018.05.08_200733 15258789 Okay 15258789
sales-demo-002-vol 208900.daily.2018.05.08_200736 15258789 Okay 15258789
sales-demo-002-vol 208900.daily.2018.05.08_200740 15258789 Okay 15258789
sales-demo-002-vol 208900.daily.2018.05.08_200744 15258789 Okay 15258789
sales-demo-002-vol 208900.daily.2018.05.08_200748 15258789 Okay 15258789
sales-demo-002-vol 208900.daily.2018.05.08_200752 15258789 Okay 15258789
sales-demo-002-vol 208900.daily.2018.05.08_200756 15258789 Okay 15258789
sales-demo-002-vol 208900.daily.2018.05.08_200800 15258789 Okay 15258789
sales-demo-002-vol 208900.daily.2018.05.08_200804 15258789 Okay 15258789
sales-demo-002-vol 208900.daily.2018.05.08_200807 15258789 Okay 15258789
sales-demo-002-vol 208900.daily.2018.05.08_200811 15258789 Okay 15258789
sales-demo-002-vol 208900.daily.2018.05.08_200815 15258789 Okay 15258789
sales-demo-002-vol 208900.daily.2018.05.08_200819 15258789 Okay 15258789
sales-demo-002-vol 208900.daily.2018.05.08_200823 15258789 Okay 15258789
sales-demo-002-vol 208900.daily.2018.05.08_200827 15258789 Okay 15258789
sales-demo-002-vol 208900.daily.2018.05.08_200831 15258789 Okay 15258789
sales-demo-002-vol 208900.daily.2018.05.08_200835 15258789 Okay 15258789
sales-demo-002-vol 208900.daily.2018.05.08_200838 15258789 Okay 15258789
sales-demo-002-vol 208900.daily.2018.05.08_200842 15258789 Okay 15258789
sales-demo-002-vol 208900.daily.2018.05.08_200846 15258789 Okay 15258789
sales-demo-002-vol 208900.daily.2018.05.08_200850 15258789 Okay 15258789
sales-demo-002-vol 208900.daily.2018.05.08_200854 15258789 Okay 15258789
sales-demo-002-vol 208900.daily.2018.05.08_200858 15258789 Okay 15258789
sales-demo-002-vol 208900.daily.2018.05.08_200901 15258789 Okay 15258789
sales-demo-002-vol 208900.daily.2018.05.08_200906 15258789 Okay 15258789
sales-demo-002-vol 208900.daily.2018.05.08_200911 15258789 Okay 15258789
sales-demo-002-vol 208900.daily.2018.05.08_200915 15258789 Okay 15258789
sales-demo-002-vol 208900.daily.2018.05.08_200919 15258789 Okay 15258789
sales-demo-002-vol 208900.daily.2018.05.08_200922 15258789 Okay 15258789
sales-demo-002-vol 208900.daily.2018.05.08_200926 15258789 Okay 15258789
sales-demo-002-vol 208900.daily.2018.05.08_200930 15258789 Okay 15258789
sales-demo-002-vol 208900.daily.2018.05.08_200934 15258789 Okay 15258789
sales-demo-002-vol 208900.daily.2018.05.08_200937 15258789 Okay 15258789
sales-demo-002-vol 208900.daily.2018.05.08_200941 15258789 Okay 15258789
sales-demo-002-vol 208900.daily.2018.05.08_200945 15258789 Okay 15258789
sales-demo-002-vol 208900.daily.2018.05.08_200949 15258789 Okay 15258789
sales-demo-002-vol 208900.daily.2018.05.08_200953 15258789 Okay 15258789
sales-demo-002-vol 208900.daily.2018.05.08_200957 15258789 Okay 15258789
sales-demo-002-vol 208900.daily.2018.05.08_201000 15258789 Okay 15258789
sales-demo-002-vol 208900.daily.2018.05.08_201004 15258789 Okay 15258789
sales-demo-002-vol 208900.daily.2018.05.08_201007 15258789 Okay 15258789
sales-demo-002-vol 208900.daily.2018.05.08_201011 15258789 Okay 15258789
sales-demo-002-vol 208900.daily.2018.05.08_201015 15258789 Okay 15258789
sales-demo-002-vol 208900.daily.2018.05.08_201019 15258789 Okay 15258789
sales-demo-002-vol 208900.daily.2018.05.08_201023 15258789 Okay 15258789
sales-demo-002-vol 208900.daily.2018.05.08_201027 15258789 Okay 15258789
sales-demo-002-vol 208900.daily.2018.05.08_201031 15258789 Okay 15258789
sales-demo-002-vol 208900.daily.2018.05.08_201035 15258789 Okay 15258789
sales-demo-002-vol 208900.daily.2018.05.08_201039 15258789 Okay 15258789
sales-demo-002-vol 208900.daily.2018.05.08_201042 15258789 Okay 15258789
sales-demo-002-vol 208900.daily.2018.05.08_201047 15258789 Okay 15258789
sales-demo-002-vol 208900.daily.2018.05.08_201051 15258789 Okay 15258789
sales-demo-002-vol 208900.daily.2018.05.08_201054 15258789 Okay 15258789
sales-demo-002-vol 208900.daily.2018.05.08_201058 15258789 Okay 15258789
sales-demo-002-vol 208900.daily.2018.05.08_201102 15258789 Okay 15258789
sales-demo-002-vol 208900.daily.2018.05.08_201106 15258789 Okay 15258789
sales-demo-002-vol 208900.daily.2018.05.08_201110 15258789 Okay 15258789
sales-demo-002-vol 208900.daily.2018.05.08_201114 15258789 Okay 15258789
sales-demo-002-vol 208900.daily.2018.05.08_201118 15258789 Okay 15258789
sales-demo-002-vol 208900.daily.2018.05.08_201121 15258789 Okay 15258789
sales-demo-002-vol 208900.daily.2018.05.08_201125 15258789 Okay 15258789
sales-demo-002-vol 208900.daily.2018.05.08_201132 15258789 Okay 15258789
fibi fibi_s1 19073 Okay 19073
fibi fibi_s2 19073 Okay 19073
 --------------------+--------------------+----------+------+-------+------------
Volume               Snapshot             Size       Online Status  New Data
Name                 Name                 (MB)                      (MB)
--------------------+--------------------+----------+------+-------+------------
testFS63 307867._auto_snap_.2018.05.23_113603 953 Okay 953
testFS62 307865._auto_snap_.2018.05.23_113604 953 Okay 953
testFS61 307863._auto_snap_.2018.05.23_113605 953 Okay 953
testFS60 307861._auto_snap_.2018.05.23_113605 953 Okay 953
testFS67 307875._auto_snap_.2018.05.23_113606 953 Okay 953
testFS66 307873._auto_snap_.2018.05.23_113606 953 Okay 953
testFS65 307871._auto_snap_.2018.05.23_113607 953 Okay 953
testFS64 307869._auto_snap_.2018.05.23_113607 953 Okay 953
keygene 610958._auto_snap_.2018.05.23_113608 9536743 Okay 9536743
testFS69 307879._auto_snap_.2018.05.23_113608 953 Okay 953
testFS68 307877._auto_snap_.2018.05.23_113609 953 Okay 953
testFS28 307797._auto_snap_.2018.05.23_113609 953 Okay 953
testFS56 307853._auto_snap_.2018.05.23_113610 953 Okay 953
testFS57 307855._auto_snap_.2018.05.23_113610 953 Okay 953
testFS54 307849._auto_snap_.2018.05.23_113611 953 Okay 953
testFS55 307851._auto_snap_.2018.05.23_113611 953 Okay 953
testFS52 307845._auto_snap_.2018.05.23_113612 953 Okay 953
testFS53 307847._auto_snap_.2018.05.23_113612 953 Okay 953
testFS50 307841._auto_snap_.2018.05.23_113613 953 Okay 953
testFS51 307843._auto_snap_.2018.05.23_113613 953 Okay 953
testFS58 307857._auto_snap_.2018.05.23_113614 953 Okay 953
testFS59 307859._auto_snap_.2018.05.23_113614 953 Okay 953
testFS100 307943._auto_snap_.2018.05.23_113615 953 Okay 953
testFS49 307839._auto_snap_.2018.05.23_113616 953 Okay 953
myfs1 1164._auto_snap_.2018.05.23_113616 2861022 Okay 2861022
testFS41 307823._auto_snap_.2018.05.23_113617 953 Okay 953
testFS40 307821._auto_snap_.2018.05.23_113617 953 Okay 953
testFS43 307827._auto_snap_.2018.05.23_113618 953 Okay 953
testFS42 307825._auto_snap_.2018.05.23_113618 953 Okay 953
testFS45 307831._auto_snap_.2018.05.23_113619 953 Okay 953
testFS44 307829._auto_snap_.2018.05.23_113619 953 Okay 953
testFS47 307835._auto_snap_.2018.05.23_113620 953 Okay 953
testFS46 307833._auto_snap_.2018.05.23_113620 953 Okay 953
multibyte-filename-test 10663._auto_snap_.2018.05.23_113621 102400 Okay 102400
testFS38 307817._auto_snap_.2018.05.23_113621 953 Okay 953
testFS39 307819._auto_snap_.2018.05.23_113622 953 Okay 953
testFS34 307809._auto_snap_.2018.05.23_113622 953 Okay 953
testFS35 307811._auto_snap_.2018.05.23_113623 953 Okay 953
testFS36 307813._auto_snap_.2018.05.23_113623 953 Okay 953
testFS37 307815._auto_snap_.2018.05.23_113624 953 Okay 953
testFS30 307801._auto_snap_.2018.05.23_113624 953 Okay 953
testFS31 307803._auto_snap_.2018.05.23_113625 953 Okay 953
testFS32 307805._auto_snap_.2018.05.23_113625 953 Okay 953
testFS33 307807._auto_snap_.2018.05.23_113626 953 Okay 953
ubuntu 453900._auto_snap_.2018.05.23_113626 953674 Okay 953674
testfs 51167._auto_snap_.2018.05.23_113627 953674 Okay 953674
testFS29 307799._auto_snap_.2018.05.23_113627 953 Okay 953
testFS48 307837._auto_snap_.2018.05.23_113628 953 Okay 953
testFS27 307795._auto_snap_.2018.05.23_113628 953 Okay 953
testFS26 307793._auto_snap_.2018.05.23_113629 953 Okay 953
testFS25 307791._auto_snap_.2018.05.23_113629 953 Okay 953
testFS24 307789._auto_snap_.2018.05.23_113630 953 Okay 953
testFS23 307787._auto_snap_.2018.05.23_113630 953 Okay 953
testFS22 307785._auto_snap_.2018.05.23_113631 953 Okay 953
testFS21 307783._auto_snap_.2018.05.23_113631 953 Okay 953
testFS20 307781._auto_snap_.2018.05.23_113632 953 Okay 953
testFS12 307765._auto_snap_.2018.05.23_113632 953 Okay 953
testFS13 307767._auto_snap_.2018.05.23_113633 953 Okay 953
testFS10 307761._auto_snap_.2018.05.23_113633 953 Okay 953
testFS11 307763._auto_snap_.2018.05.23_113634 953 Okay 953
testFS16 307773._auto_snap_.2018.05.23_113634 953 Okay 953
testFS17 307775._auto_snap_.2018.05.23_113635 953 Okay 953
testFS14 307769._auto_snap_.2018.05.23_113635 953 Okay 953
testFS15 307771._auto_snap_.2018.05.23_113636 953 Okay 953
testFS18 307777._auto_snap_.2018.05.23_113636 953 Okay 953
testFS19 307779._auto_snap_.2018.05.23_113637 953 Okay 953
testFS98 307939._auto_snap_.2018.05.23_113637 953 Okay 953
testFS99 307941._auto_snap_.2018.05.23_113638 953 Okay 953
testFS92 307927._auto_snap_.2018.05.23_113639 953 Okay 953
testFS93 307929._auto_snap_.2018.05.23_113639 953 Okay 953
testFS90 307923._auto_snap_.2018.05.23_113640 953 Okay 953
testFS91 307925._auto_snap_.2018.05.23_113640 953 Okay 953
testFS96 307935._auto_snap_.2018.05.23_113641 953 Okay 953
testFS97 307937._auto_snap_.2018.05.23_113641 953 Okay 953
testFS94 307933._auto_snap_.2018.05.23_113642 953 Okay 953
testFS95 307931._auto_snap_.2018.05.23_113642 953 Okay 953
hg-fs-1 12603._auto_snap_.2018.05.23_113643 1024 Okay 1024
hg-fs-2 12607._auto_snap_.2018.05.23_113643 1024 Okay 1024
conffs 52475._auto_snap_.2018.05.23_113644 12288 Okay 12288
testFS89 307921._auto_snap_.2018.05.23_113644 953 Okay 953
testFS88 307919._auto_snap_.2018.05.23_113645 953 Okay 953
testFS85 307913._auto_snap_.2018.05.23_113645 953 Okay 953
testFS84 307911._auto_snap_.2018.05.23_113646 953 Okay 953
testFS87 307917._auto_snap_.2018.05.23_113646 953 Okay 953
testFS86 307915._auto_snap_.2018.05.23_113647 953 Okay 953
testFS81 307905._auto_snap_.2018.05.23_113647 953 Okay 953
testFS80 307903._auto_snap_.2018.05.23_113648 953 Okay 953
testFS83 307909._auto_snap_.2018.05.23_113648 953 Okay 953
testFS82 307907._auto_snap_.2018.05.23_113649 953 Okay 953
kazfs1p 1438106._auto_snap_.2018.05.23_113649 1048576000 Okay 1048576000
testFS70 307881._auto_snap_.2018.05.23_113650 953 Okay 953
testFS71 307883._auto_snap_.2018.05.23_113650 953 Okay 953
testFS72 307885._auto_snap_.2018.05.23_113651 953 Okay 953
testFS73 307887._auto_snap_.2018.05.23_113651 953 Okay 953
testFS74 307889._auto_snap_.2018.05.23_113652 953 Okay 953
testFS75 307891._auto_snap_.2018.05.23_113652 953 Okay 953
testFS76 307893._auto_snap_.2018.05.23_113653 953 Okay 953
testFS77 307895._auto_snap_.2018.05.23_113653 953 Okay 953
testFS78 307897._auto_snap_.2018.05.23_113654 953 Okay 953
testFS79 307899._auto_snap_.2018.05.23_113654 953 Okay 953
keygene2 611817._auto_snap_.2018.05.23_113655 4768371 Okay 4768371
keygene1 611648._auto_snap_.2018.05.23_113655 4768371 Okay 4768371
testFS8 307757._auto_snap_.2018.05.23_113656 953 Okay 953
testFS9 307759._auto_snap_.2018.05.23_113656 953 Okay 953
testFS1 307743._auto_snap_.2018.05.23_113657 953 Okay 953
testFS2 307745._auto_snap_.2018.05.23_113657 953 Okay 953
testFS3 307751._auto_snap_.2018.05.23_113658 953 Okay 953
testFS4 307749._auto_snap_.2018.05.23_113658 953 Okay 953
testFS5 307747._auto_snap_.2018.05.23_113659 953 Okay 953
testFS6 307753._auto_snap_.2018.05.23_113659 953 Okay 953
testFS7 307755._auto_snap_.2018.05.23_113700 953 Okay 953
testFS63 307867._auto_snap_.2018.05.23_113904 953 Okay 953
testFS62 307865._auto_snap_.2018.05.23_113904 953 Okay 953
testFS61 307863._auto_snap_.2018.05.23_113904 953 Okay 953
testFS60 307861._auto_snap_.2018.05.23_113905 953 Okay 953
testFS67 307875._auto_snap_.2018.05.23_113905 953 Okay 953
testFS66 307873._auto_snap_.2018.05.23_113906 953 Okay 953
testFS65 307871._auto_snap_.2018.05.23_113906 953 Okay 953
testFS64 307869._auto_snap_.2018.05.23_113907 953 Okay 953
keygene 610958._auto_snap_.2018.05.23_113907 9536743 Okay 9536743
testFS69 307879._auto_snap_.2018.05.23_113908 953 Okay 953
testFS68 307877._auto_snap_.2018.05.23_113908 953 Okay 953
testFS28 307797._auto_snap_.2018.05.23_113909 953 Okay 953
testFS56 307853._auto_snap_.2018.05.23_113909 953 Okay 953
testFS57 307855._auto_snap_.2018.05.23_113910 953 Okay 953
testFS54 307849._auto_snap_.2018.05.23_113910 953 Okay 953
testFS55 307851._auto_snap_.2018.05.23_113911 953 Okay 953
testFS52 307845._auto_snap_.2018.05.23_113911 953 Okay 953
testFS53 307847._auto_snap_.2018.05.23_113911 953 Okay 953
testFS50 307841._auto_snap_.2018.05.23_113912 953 Okay 953
testFS51 307843._auto_snap_.2018.05.23_113912 953 Okay 953
testFS58 307857._auto_snap_.2018.05.23_113913 953 Okay 953
testFS59 307859._auto_snap_.2018.05.23_113913 953 Okay 953
testFS100 307943._auto_snap_.2018.05.23_113914 953 Okay 953
testFS49 307839._auto_snap_.2018.05.23_113914 953 Okay 953
myfs1 1164._auto_snap_.2018.05.23_113915 2861022 Okay 2861022
testFS41 307823._auto_snap_.2018.05.23_113915 953 Okay 953
testFS40 307821._auto_snap_.2018.05.23_113916 953 Okay 953
testFS43 307827._auto_snap_.2018.05.23_113916 953 Okay 953
testFS42 307825._auto_snap_.2018.05.23_113916 953 Okay 953
testFS45 307831._auto_snap_.2018.05.23_113917 953 Okay 953
testFS44 307829._auto_snap_.2018.05.23_113917 953 Okay 953
testFS47 307835._auto_snap_.2018.05.23_113918 953 Okay 953
testFS46 307833._auto_snap_.2018.05.23_113918 953 Okay 953
multibyte-filename-test 10663._auto_snap_.2018.05.23_113919 102400 Okay 102400
testFS38 307817._auto_snap_.2018.05.23_113919 953 Okay 953
testFS39 307819._auto_snap_.2018.05.23_113920 953 Okay 953
testFS34 307809._auto_snap_.2018.05.23_113920 953 Okay 953
testFS35 307811._auto_snap_.2018.05.23_113921 953 Okay 953
testFS36 307813._auto_snap_.2018.05.23_113921 953 Okay 953
testFS37 307815._auto_snap_.2018.05.23_113922 953 Okay 953
testFS30 307801._auto_snap_.2018.05.23_113922 953 Okay 953
testFS31 307803._auto_snap_.2018.05.23_113922 953 Okay 953
testFS32 307805._auto_snap_.2018.05.23_113923 953 Okay 953
testFS33 307807._auto_snap_.2018.05.23_113923 953 Okay 953
ubuntu 453900._auto_snap_.2018.05.23_113924 953674 Okay 953674
testfs 51167._auto_snap_.2018.05.23_113924 953674 Okay 953674
testFS29 307799._auto_snap_.2018.05.23_113925 953 Okay 953
testFS48 307837._auto_snap_.2018.05.23_113925 953 Okay 953
testFS27 307795._auto_snap_.2018.05.23_113926 953 Okay 953
testFS26 307793._auto_snap_.2018.05.23_113926 953 Okay 953
testFS25 307791._auto_snap_.2018.05.23_113927 953 Okay 953
testFS24 307789._auto_snap_.2018.05.23_113927 953 Okay 953
testFS23 307787._auto_snap_.2018.05.23_113928 953 Okay 953
testFS22 307785._auto_snap_.2018.05.23_113928 953 Okay 953
testFS21 307783._auto_snap_.2018.05.23_113928 953 Okay 953
testFS20 307781._auto_snap_.2018.05.23_113929 953 Okay 953
testFS12 307765._auto_snap_.2018.05.23_113929 953 Okay 953
testFS13 307767._auto_snap_.2018.05.23_113930 953 Okay 953
testFS10 307761._auto_snap_.2018.05.23_113930 953 Okay 953
testFS11 307763._auto_snap_.2018.05.23_113931 953 Okay 953
testFS16 307773._auto_snap_.2018.05.23_113931 953 Okay 953
testFS17 307775._auto_snap_.2018.05.23_113932 953 Okay 953
testFS14 307769._auto_snap_.2018.05.23_113932 953 Okay 953
testFS15 307771._auto_snap_.2018.05.23_113933 953 Okay 953
testFS18 307777._auto_snap_.2018.05.23_113933 953 Okay 953
testFS19 307779._auto_snap_.2018.05.23_113934 953 Okay 953
testFS98 307939._auto_snap_.2018.05.23_113934 953 Okay 953
testFS99 307941._auto_snap_.2018.05.23_113934 953 Okay 953
testFS92 307927._auto_snap_.2018.05.23_113935 953 Okay 953
testFS93 307929._auto_snap_.2018.05.23_113935 953 Okay 953
testFS90 307923._auto_snap_.2018.05.23_113936 953 Okay 953
testFS91 307925._auto_snap_.2018.05.23_113936 953 Okay 953
testFS96 307935._auto_snap_.2018.05.23_113937 953 Okay 953
testFS97 307937._auto_snap_.2018.05.23_113937 953 Okay 953
testFS94 307933._auto_snap_.2018.05.23_113938 953 Okay 953
testFS95 307931._auto_snap_.2018.05.23_113938 953 Okay 953
hg-fs-1 12603._auto_snap_.2018.05.23_113939 1024 Okay 1024
hg-fs-2 12607._auto_snap_.2018.05.23_113939 1024 Okay 1024
conffs 52475._auto_snap_.2018.05.23_113939 12288 Okay 12288
testFS89 307921._auto_snap_.2018.05.23_113940 953 Okay 953
testFS88 307919._auto_snap_.2018.05.23_113940 953 Okay 953
testFS85 307913._auto_snap_.2018.05.23_113941 953 Okay 953
testFS84 307911._auto_snap_.2018.05.23_113941 953 Okay 953
testFS87 307917._auto_snap_.2018.05.23_113942 953 Okay 953
testFS86 307915._auto_snap_.2018.05.23_113942 953 Okay 953
testFS81 307905._auto_snap_.2018.05.23_113943 953 Okay 953
testFS80 307903._auto_snap_.2018.05.23_113943 953 Okay 953
testFS83 307909._auto_snap_.2018.05.23_113944 953 Okay 953
testFS82 307907._auto_snap_.2018.05.23_113944 953 Okay 953
kazfs1p 1438106._auto_snap_.2018.05.23_113944 1048576000 Okay 1048576000
testFS70 307881._auto_snap_.2018.05.23_113945 953 Okay 953
testFS71 307883._auto_snap_.2018.05.23_113945 953 Okay 953
testFS72 307885._auto_snap_.2018.05.23_113946 953 Okay 953
testFS73 307887._auto_snap_.2018.05.23_113946 953 Okay 953
testFS74 307889._auto_snap_.2018.05.23_113947 953 Okay 953
testFS75 307891._auto_snap_.2018.05.23_113947 953 Okay 953
testFS76 307893._auto_snap_.2018.05.23_113948 953 Okay 953
testFS77 307895._auto_snap_.2018.05.23_113948 953 Okay 953
testFS78 307897._auto_snap_.2018.05.23_113948 953 Okay 953
testFS79 307899._auto_snap_.2018.05.23_113949 953 Okay 953
keygene2 611817._auto_snap_.2018.05.23_113949 4768371 Okay 4768371
keygene1 611648._auto_snap_.2018.05.23_113950 4768371 Okay 4768371
testFS8 307757._auto_snap_.2018.05.23_113950 953 Okay 953
testFS9 307759._auto_snap_.2018.05.23_113951 953 Okay 953
testFS1 307743._auto_snap_.2018.05.23_113951 953 Okay 953
testFS2 307745._auto_snap_.2018.05.23_113952 953 Okay 953
testFS3 307751._auto_snap_.2018.05.23_113952 953 Okay 953
testFS4 307749._auto_snap_.2018.05.23_113953 953 Okay 953
testFS5 307747._auto_snap_.2018.05.23_113953 953 Okay 953
testFS6 307753._auto_snap_.2018.05.23_113954 953 Okay 953
testFS7 307755._auto_snap_.2018.05.23_113954 953 Okay 953
testFS63 307867._auto_snap_.2018.05.23_114204 953 Okay 953
testFS62 307865._auto_snap_.2018.05.23_114204 953 Okay 953
testFS61 307863._auto_snap_.2018.05.23_114205 953 Okay 953
testFS60 307861._auto_snap_.2018.05.23_114206 953 Okay 953
testFS67 307875._auto_snap_.2018.05.23_114206 953 Okay 953
testFS66 307873._auto_snap_.2018.05.23_114207 953 Okay 953
testFS65 307871._auto_snap_.2018.05.23_114207 953 Okay 953
testFS64 307869._auto_snap_.2018.05.23_114208 953 Okay 953
keygene 610958._auto_snap_.2018.05.23_114208 9536743 Okay 9536743
testFS69 307879._auto_snap_.2018.05.23_114209 953 Okay 953
testFS68 307877._auto_snap_.2018.05.23_114209 953 Okay 953
testFS28 307797._auto_snap_.2018.05.23_114210 953 Okay 953
testFS56 307853._auto_snap_.2018.05.23_114211 953 Okay 953
testFS57 307855._auto_snap_.2018.05.23_114211 953 Okay 953
testFS54 307849._auto_snap_.2018.05.23_114212 953 Okay 953
testFS55 307851._auto_snap_.2018.05.23_114212 953 Okay 953
testFS52 307845._auto_snap_.2018.05.23_114213 953 Okay 953
testFS53 307847._auto_snap_.2018.05.23_114213 953 Okay 953
testFS50 307841._auto_snap_.2018.05.23_114214 953 Okay 953
testFS51 307843._auto_snap_.2018.05.23_114215 953 Okay 953
testFS58 307857._auto_snap_.2018.05.23_114215 953 Okay 953
testFS59 307859._auto_snap_.2018.05.23_114216 953 Okay 953
testFS100 307943._auto_snap_.2018.05.23_114217 953 Okay 953
testFS49 307839._auto_snap_.2018.05.23_114217 953 Okay 953
myfs1 1164._auto_snap_.2018.05.23_114218 2861022 Okay 2861022
testFS41 307823._auto_snap_.2018.05.23_114218 953 Okay 953
testFS40 307821._auto_snap_.2018.05.23_114219 953 Okay 953
testFS43 307827._auto_snap_.2018.05.23_114219 953 Okay 953
testFS42 307825._auto_snap_.2018.05.23_114220 953 Okay 953
testFS45 307831._auto_snap_.2018.05.23_114220 953 Okay 953
testFS44 307829._auto_snap_.2018.05.23_114221 953 Okay 953
testFS47 307835._auto_snap_.2018.05.23_114221 953 Okay 953
testFS46 307833._auto_snap_.2018.05.23_114222 953 Okay 953
multibyte-filename-test 10663._auto_snap_.2018.05.23_114223 102400 Okay 102400
testFS38 307817._auto_snap_.2018.05.23_114223 953 Okay 953
testFS39 307819._auto_snap_.2018.05.23_114224 953 Okay 953
testFS34 307809._auto_snap_.2018.05.23_114224 953 Okay 953
testFS35 307811._auto_snap_.2018.05.23_114225 953 Okay 953
testFS36 307813._auto_snap_.2018.05.23_114225 953 Okay 953
testFS37 307815._auto_snap_.2018.05.23_114226 953 Okay 953
testFS30 307801._auto_snap_.2018.05.23_114226 953 Okay 953
testFS31 307803._auto_snap_.2018.05.23_114227 953 Okay 953
testFS32 307805._auto_snap_.2018.05.23_114227 953 Okay 953
testFS33 307807._auto_snap_.2018.05.23_114228 953 Okay 953
ubuntu 453900._auto_snap_.2018.05.23_114229 953674 Okay 953674
testfs 51167._auto_snap_.2018.05.23_114229 953674 Okay 953674
testFS29 307799._auto_snap_.2018.05.23_114230 953 Okay 953
testFS48 307837._auto_snap_.2018.05.23_114230 953 Okay 953
testFS27 307795._auto_snap_.2018.05.23_114231 953 Okay 953
testFS26 307793._auto_snap_.2018.05.23_114231 953 Okay 953
testFS25 307791._auto_snap_.2018.05.23_114232 953 Okay 953
testFS24 307789._auto_snap_.2018.05.23_114233 953 Okay 953
testFS23 307787._auto_snap_.2018.05.23_114233 953 Okay 953
testFS22 307785._auto_snap_.2018.05.23_114234 953 Okay 953
testFS21 307783._auto_snap_.2018.05.23_114234 953 Okay 953
testFS20 307781._auto_snap_.2018.05.23_114235 953 Okay 953
testFS12 307765._auto_snap_.2018.05.23_114235 953 Okay 953
testFS13 307767._auto_snap_.2018.05.23_114236 953 Okay 953
testFS10 307761._auto_snap_.2018.05.23_114236 953 Okay 953
testFS11 307763._auto_snap_.2018.05.23_114237 953 Okay 953
testFS16 307773._auto_snap_.2018.05.23_114238 953 Okay 953
testFS17 307775._auto_snap_.2018.05.23_114238 953 Okay 953
testFS14 307769._auto_snap_.2018.05.23_114239 953 Okay 953
testFS15 307771._auto_snap_.2018.05.23_114239 953 Okay 953
testFS18 307777._auto_snap_.2018.05.23_114240 953 Okay 953
testFS19 307779._auto_snap_.2018.05.23_114240 953 Okay 953
testFS98 307939._auto_snap_.2018.05.23_114241 953 Okay 953
testFS99 307941._auto_snap_.2018.05.23_114242 953 Okay 953
testFS92 307927._auto_snap_.2018.05.23_114242 953 Okay 953
testFS93 307929._auto_snap_.2018.05.23_114243 953 Okay 953
testFS90 307923._auto_snap_.2018.05.23_114243 953 Okay 953
testFS91 307925._auto_snap_.2018.05.23_114244 953 Okay 953
testFS96 307935._auto_snap_.2018.05.23_114244 953 Okay 953
testFS97 307937._auto_snap_.2018.05.23_114245 953 Okay 953
testFS94 307933._auto_snap_.2018.05.23_114245 953 Okay 953
testFS95 307931._auto_snap_.2018.05.23_114246 953 Okay 953
hg-fs-1 12603._auto_snap_.2018.05.23_114247 1024 Okay 1024
hg-fs-2 12607._auto_snap_.2018.05.23_114247 1024 Okay 1024
conffs 52475._auto_snap_.2018.05.23_114248 12288 Okay 12288
testFS89 307921._auto_snap_.2018.05.23_114248 953 Okay 953
testFS88 307919._auto_snap_.2018.05.23_114249 953 Okay 953
testFS85 307913._auto_snap_.2018.05.23_114249 953 Okay 953
testFS84 307911._auto_snap_.2018.05.23_114250 953 Okay 953
testFS87 307917._auto_snap_.2018.05.23_114250 953 Okay 953
testFS86 307915._auto_snap_.2018.05.23_114251 953 Okay 953
testFS81 307905._auto_snap_.2018.05.23_114251 953 Okay 953
testFS80 307903._auto_snap_.2018.05.23_114252 953 Okay 953
testFS83 307909._auto_snap_.2018.05.23_114253 953 Okay 953
testFS82 307907._auto_snap_.2018.05.23_114253 953 Okay 953
kazfs1p 1438106._auto_snap_.2018.05.23_114254 1048576000 Okay 1048576000
testFS70 307881._auto_snap_.2018.05.23_114254 953 Okay 953
testFS71 307883._auto_snap_.2018.05.23_114255 953 Okay 953
testFS72 307885._auto_snap_.2018.05.23_114256 953 Okay 953
testFS73 307887._auto_snap_.2018.05.23_114256 953 Okay 953
testFS74 307889._auto_snap_.2018.05.23_114257 953 Okay 953
testFS75 307891._auto_snap_.2018.05.23_114257 953 Okay 953
testFS76 307893._auto_snap_.2018.05.23_114258 953 Okay 953
testFS77 307895._auto_snap_.2018.05.23_114258 953 Okay 953
testFS78 307897._auto_snap_.2018.05.23_114259 953 Okay 953
testFS79 307899._auto_snap_.2018.05.23_114259 953 Okay 953
keygene2 611817._auto_snap_.2018.05.23_114300 4768371 Okay 4768371
keygene1 611648._auto_snap_.2018.05.23_114300 4768371 Okay 4768371
testFS8 307757._auto_snap_.2018.05.23_114301 953 Okay 953
testFS9 307759._auto_snap_.2018.05.23_114302 953 Okay 953
testFS1 307743._auto_snap_.2018.05.23_114302 953 Okay 953
testFS2 307745._auto_snap_.2018.05.23_114303 953 Okay 953
testFS3 307751._auto_snap_.2018.05.23_114303 953 Okay 953
testFS4 307749._auto_snap_.2018.05.23_114304 953 Okay 953
testFS5 307747._auto_snap_.2018.05.23_114304 953 Okay 953
testFS6 307753._auto_snap_.2018.05.23_114305 953 Okay 953
testFS7 307755._auto_snap_.2018.05.23_114306 953 Okay 953
